[2024-12-16T18:31:38.178+0000] {processor.py:157} INFO - Started process (PID=26) to work on /opt/airflow/dags/scripts/pyspark_consumer.py
[2024-12-16T18:31:38.189+0000] {processor.py:826} INFO - Processing file /opt/airflow/dags/scripts/pyspark_consumer.py for tasks to queue
[2024-12-16T18:31:38.193+0000] {logging_mixin.py:150} INFO - [2024-12-16T18:31:38.192+0000] {dagbag.py:541} INFO - Filling up the DagBag from /opt/airflow/dags/scripts/pyspark_consumer.py
[2024-12-16T18:31:38.203+0000] {logging_mixin.py:150} INFO - [2024-12-16T18:31:38.198+0000] {dagbag.py:350} ERROR - Failed to import: /opt/airflow/dags/scripts/pyspark_consumer.py
Traceback (most recent call last):
  File "/home/airflow/.local/lib/python3.8/site-packages/airflow/models/dagbag.py", line 346, in parse
    loader.exec_module(new_module)
  File "<frozen importlib._bootstrap_external>", line 843, in exec_module
  File "<frozen importlib._bootstrap>", line 219, in _call_with_frames_removed
  File "/opt/airflow/dags/scripts/pyspark_consumer.py", line 1, in <module>
    import joblib
ModuleNotFoundError: No module named 'joblib'
[2024-12-16T18:31:38.206+0000] {processor.py:838} WARNING - No viable dags retrieved from /opt/airflow/dags/scripts/pyspark_consumer.py
[2024-12-16T18:31:38.271+0000] {processor.py:179} INFO - Processing /opt/airflow/dags/scripts/pyspark_consumer.py took 0.105 seconds
[2024-12-16T18:32:09.174+0000] {processor.py:157} INFO - Started process (PID=36) to work on /opt/airflow/dags/scripts/pyspark_consumer.py
[2024-12-16T18:32:09.177+0000] {processor.py:826} INFO - Processing file /opt/airflow/dags/scripts/pyspark_consumer.py for tasks to queue
[2024-12-16T18:32:09.182+0000] {logging_mixin.py:150} INFO - [2024-12-16T18:32:09.181+0000] {dagbag.py:541} INFO - Filling up the DagBag from /opt/airflow/dags/scripts/pyspark_consumer.py
[2024-12-16T18:32:09.192+0000] {logging_mixin.py:150} INFO - [2024-12-16T18:32:09.188+0000] {dagbag.py:350} ERROR - Failed to import: /opt/airflow/dags/scripts/pyspark_consumer.py
Traceback (most recent call last):
  File "/home/airflow/.local/lib/python3.8/site-packages/airflow/models/dagbag.py", line 346, in parse
    loader.exec_module(new_module)
  File "<frozen importlib._bootstrap_external>", line 843, in exec_module
  File "<frozen importlib._bootstrap>", line 219, in _call_with_frames_removed
  File "/opt/airflow/dags/scripts/pyspark_consumer.py", line 1, in <module>
    import joblib
ModuleNotFoundError: No module named 'joblib'
[2024-12-16T18:32:09.192+0000] {processor.py:838} WARNING - No viable dags retrieved from /opt/airflow/dags/scripts/pyspark_consumer.py
[2024-12-16T18:32:09.233+0000] {processor.py:179} INFO - Processing /opt/airflow/dags/scripts/pyspark_consumer.py took 0.076 seconds
[2024-12-16T18:33:22.651+0000] {processor.py:157} INFO - Started process (PID=25) to work on /opt/airflow/dags/scripts/pyspark_consumer.py
[2024-12-16T18:33:22.660+0000] {processor.py:826} INFO - Processing file /opt/airflow/dags/scripts/pyspark_consumer.py for tasks to queue
[2024-12-16T18:33:22.661+0000] {logging_mixin.py:150} INFO - [2024-12-16T18:33:22.661+0000] {dagbag.py:541} INFO - Filling up the DagBag from /opt/airflow/dags/scripts/pyspark_consumer.py
[2024-12-16T18:33:22.691+0000] {logging_mixin.py:150} INFO - [2024-12-16T18:33:22.679+0000] {dagbag.py:350} ERROR - Failed to import: /opt/airflow/dags/scripts/pyspark_consumer.py
Traceback (most recent call last):
  File "/home/airflow/.local/lib/python3.8/site-packages/airflow/models/dagbag.py", line 346, in parse
    loader.exec_module(new_module)
  File "<frozen importlib._bootstrap_external>", line 843, in exec_module
  File "<frozen importlib._bootstrap>", line 219, in _call_with_frames_removed
  File "/opt/airflow/dags/scripts/pyspark_consumer.py", line 1, in <module>
    import joblib
ModuleNotFoundError: No module named 'joblib'
[2024-12-16T18:33:22.696+0000] {processor.py:838} WARNING - No viable dags retrieved from /opt/airflow/dags/scripts/pyspark_consumer.py
[2024-12-16T18:33:22.901+0000] {processor.py:179} INFO - Processing /opt/airflow/dags/scripts/pyspark_consumer.py took 0.260 seconds
[2024-12-16T18:33:53.784+0000] {processor.py:157} INFO - Started process (PID=35) to work on /opt/airflow/dags/scripts/pyspark_consumer.py
[2024-12-16T18:33:53.786+0000] {processor.py:826} INFO - Processing file /opt/airflow/dags/scripts/pyspark_consumer.py for tasks to queue
[2024-12-16T18:33:53.787+0000] {logging_mixin.py:150} INFO - [2024-12-16T18:33:53.787+0000] {dagbag.py:541} INFO - Filling up the DagBag from /opt/airflow/dags/scripts/pyspark_consumer.py
[2024-12-16T18:33:53.798+0000] {logging_mixin.py:150} INFO - [2024-12-16T18:33:53.796+0000] {dagbag.py:350} ERROR - Failed to import: /opt/airflow/dags/scripts/pyspark_consumer.py
Traceback (most recent call last):
  File "/home/airflow/.local/lib/python3.8/site-packages/airflow/models/dagbag.py", line 346, in parse
    loader.exec_module(new_module)
  File "<frozen importlib._bootstrap_external>", line 843, in exec_module
  File "<frozen importlib._bootstrap>", line 219, in _call_with_frames_removed
  File "/opt/airflow/dags/scripts/pyspark_consumer.py", line 1, in <module>
    import joblib
ModuleNotFoundError: No module named 'joblib'
[2024-12-16T18:33:53.799+0000] {processor.py:838} WARNING - No viable dags retrieved from /opt/airflow/dags/scripts/pyspark_consumer.py
[2024-12-16T18:33:53.828+0000] {processor.py:179} INFO - Processing /opt/airflow/dags/scripts/pyspark_consumer.py took 0.052 seconds
[2024-12-16T18:34:24.374+0000] {processor.py:157} INFO - Started process (PID=45) to work on /opt/airflow/dags/scripts/pyspark_consumer.py
[2024-12-16T18:34:24.375+0000] {processor.py:826} INFO - Processing file /opt/airflow/dags/scripts/pyspark_consumer.py for tasks to queue
[2024-12-16T18:34:24.376+0000] {logging_mixin.py:150} INFO - [2024-12-16T18:34:24.376+0000] {dagbag.py:541} INFO - Filling up the DagBag from /opt/airflow/dags/scripts/pyspark_consumer.py
[2024-12-16T18:34:24.385+0000] {logging_mixin.py:150} INFO - [2024-12-16T18:34:24.383+0000] {dagbag.py:350} ERROR - Failed to import: /opt/airflow/dags/scripts/pyspark_consumer.py
Traceback (most recent call last):
  File "/home/airflow/.local/lib/python3.8/site-packages/airflow/models/dagbag.py", line 346, in parse
    loader.exec_module(new_module)
  File "<frozen importlib._bootstrap_external>", line 843, in exec_module
  File "<frozen importlib._bootstrap>", line 219, in _call_with_frames_removed
  File "/opt/airflow/dags/scripts/pyspark_consumer.py", line 1, in <module>
    import joblib
ModuleNotFoundError: No module named 'joblib'
[2024-12-16T18:34:24.385+0000] {processor.py:838} WARNING - No viable dags retrieved from /opt/airflow/dags/scripts/pyspark_consumer.py
[2024-12-16T18:34:24.410+0000] {processor.py:179} INFO - Processing /opt/airflow/dags/scripts/pyspark_consumer.py took 0.042 seconds
[2024-12-16T18:34:55.116+0000] {processor.py:157} INFO - Started process (PID=55) to work on /opt/airflow/dags/scripts/pyspark_consumer.py
[2024-12-16T18:34:55.117+0000] {processor.py:826} INFO - Processing file /opt/airflow/dags/scripts/pyspark_consumer.py for tasks to queue
[2024-12-16T18:34:55.118+0000] {logging_mixin.py:150} INFO - [2024-12-16T18:34:55.118+0000] {dagbag.py:541} INFO - Filling up the DagBag from /opt/airflow/dags/scripts/pyspark_consumer.py
[2024-12-16T18:34:55.125+0000] {logging_mixin.py:150} INFO - [2024-12-16T18:34:55.124+0000] {dagbag.py:350} ERROR - Failed to import: /opt/airflow/dags/scripts/pyspark_consumer.py
Traceback (most recent call last):
  File "/home/airflow/.local/lib/python3.8/site-packages/airflow/models/dagbag.py", line 346, in parse
    loader.exec_module(new_module)
  File "<frozen importlib._bootstrap_external>", line 843, in exec_module
  File "<frozen importlib._bootstrap>", line 219, in _call_with_frames_removed
  File "/opt/airflow/dags/scripts/pyspark_consumer.py", line 1, in <module>
    import joblib
ModuleNotFoundError: No module named 'joblib'
[2024-12-16T18:34:55.126+0000] {processor.py:838} WARNING - No viable dags retrieved from /opt/airflow/dags/scripts/pyspark_consumer.py
[2024-12-16T18:34:55.160+0000] {processor.py:179} INFO - Processing /opt/airflow/dags/scripts/pyspark_consumer.py took 0.049 seconds
[2024-12-16T18:35:25.833+0000] {processor.py:157} INFO - Started process (PID=65) to work on /opt/airflow/dags/scripts/pyspark_consumer.py
[2024-12-16T18:35:25.836+0000] {processor.py:826} INFO - Processing file /opt/airflow/dags/scripts/pyspark_consumer.py for tasks to queue
[2024-12-16T18:35:25.837+0000] {logging_mixin.py:150} INFO - [2024-12-16T18:35:25.837+0000] {dagbag.py:541} INFO - Filling up the DagBag from /opt/airflow/dags/scripts/pyspark_consumer.py
[2024-12-16T18:35:25.847+0000] {logging_mixin.py:150} INFO - [2024-12-16T18:35:25.844+0000] {dagbag.py:350} ERROR - Failed to import: /opt/airflow/dags/scripts/pyspark_consumer.py
Traceback (most recent call last):
  File "/home/airflow/.local/lib/python3.8/site-packages/airflow/models/dagbag.py", line 346, in parse
    loader.exec_module(new_module)
  File "<frozen importlib._bootstrap_external>", line 843, in exec_module
  File "<frozen importlib._bootstrap>", line 219, in _call_with_frames_removed
  File "/opt/airflow/dags/scripts/pyspark_consumer.py", line 1, in <module>
    import joblib
ModuleNotFoundError: No module named 'joblib'
[2024-12-16T18:35:25.847+0000] {processor.py:838} WARNING - No viable dags retrieved from /opt/airflow/dags/scripts/pyspark_consumer.py
[2024-12-16T18:35:25.872+0000] {processor.py:179} INFO - Processing /opt/airflow/dags/scripts/pyspark_consumer.py took 0.046 seconds
[2024-12-16T18:35:56.598+0000] {processor.py:157} INFO - Started process (PID=75) to work on /opt/airflow/dags/scripts/pyspark_consumer.py
[2024-12-16T18:35:56.600+0000] {processor.py:826} INFO - Processing file /opt/airflow/dags/scripts/pyspark_consumer.py for tasks to queue
[2024-12-16T18:35:56.602+0000] {logging_mixin.py:150} INFO - [2024-12-16T18:35:56.602+0000] {dagbag.py:541} INFO - Filling up the DagBag from /opt/airflow/dags/scripts/pyspark_consumer.py
[2024-12-16T18:35:56.612+0000] {logging_mixin.py:150} INFO - [2024-12-16T18:35:56.610+0000] {dagbag.py:350} ERROR - Failed to import: /opt/airflow/dags/scripts/pyspark_consumer.py
Traceback (most recent call last):
  File "/home/airflow/.local/lib/python3.8/site-packages/airflow/models/dagbag.py", line 346, in parse
    loader.exec_module(new_module)
  File "<frozen importlib._bootstrap_external>", line 843, in exec_module
  File "<frozen importlib._bootstrap>", line 219, in _call_with_frames_removed
  File "/opt/airflow/dags/scripts/pyspark_consumer.py", line 1, in <module>
    import joblib
ModuleNotFoundError: No module named 'joblib'
[2024-12-16T18:35:56.613+0000] {processor.py:838} WARNING - No viable dags retrieved from /opt/airflow/dags/scripts/pyspark_consumer.py
[2024-12-16T18:35:56.640+0000] {processor.py:179} INFO - Processing /opt/airflow/dags/scripts/pyspark_consumer.py took 0.055 seconds
[2024-12-16T18:36:27.474+0000] {processor.py:157} INFO - Started process (PID=85) to work on /opt/airflow/dags/scripts/pyspark_consumer.py
[2024-12-16T18:36:27.477+0000] {processor.py:826} INFO - Processing file /opt/airflow/dags/scripts/pyspark_consumer.py for tasks to queue
[2024-12-16T18:36:27.479+0000] {logging_mixin.py:150} INFO - [2024-12-16T18:36:27.478+0000] {dagbag.py:541} INFO - Filling up the DagBag from /opt/airflow/dags/scripts/pyspark_consumer.py
[2024-12-16T18:36:27.494+0000] {logging_mixin.py:150} INFO - [2024-12-16T18:36:27.489+0000] {dagbag.py:350} ERROR - Failed to import: /opt/airflow/dags/scripts/pyspark_consumer.py
Traceback (most recent call last):
  File "/home/airflow/.local/lib/python3.8/site-packages/airflow/models/dagbag.py", line 346, in parse
    loader.exec_module(new_module)
  File "<frozen importlib._bootstrap_external>", line 843, in exec_module
  File "<frozen importlib._bootstrap>", line 219, in _call_with_frames_removed
  File "/opt/airflow/dags/scripts/pyspark_consumer.py", line 1, in <module>
    import joblib
ModuleNotFoundError: No module named 'joblib'
[2024-12-16T18:36:27.494+0000] {processor.py:838} WARNING - No viable dags retrieved from /opt/airflow/dags/scripts/pyspark_consumer.py
[2024-12-16T18:36:27.520+0000] {processor.py:179} INFO - Processing /opt/airflow/dags/scripts/pyspark_consumer.py took 0.054 seconds
[2024-12-16T18:36:58.203+0000] {processor.py:157} INFO - Started process (PID=95) to work on /opt/airflow/dags/scripts/pyspark_consumer.py
[2024-12-16T18:36:58.206+0000] {processor.py:826} INFO - Processing file /opt/airflow/dags/scripts/pyspark_consumer.py for tasks to queue
[2024-12-16T18:36:58.207+0000] {logging_mixin.py:150} INFO - [2024-12-16T18:36:58.206+0000] {dagbag.py:541} INFO - Filling up the DagBag from /opt/airflow/dags/scripts/pyspark_consumer.py
[2024-12-16T18:36:58.215+0000] {logging_mixin.py:150} INFO - [2024-12-16T18:36:58.213+0000] {dagbag.py:350} ERROR - Failed to import: /opt/airflow/dags/scripts/pyspark_consumer.py
Traceback (most recent call last):
  File "/home/airflow/.local/lib/python3.8/site-packages/airflow/models/dagbag.py", line 346, in parse
    loader.exec_module(new_module)
  File "<frozen importlib._bootstrap_external>", line 843, in exec_module
  File "<frozen importlib._bootstrap>", line 219, in _call_with_frames_removed
  File "/opt/airflow/dags/scripts/pyspark_consumer.py", line 1, in <module>
    import joblib
ModuleNotFoundError: No module named 'joblib'
[2024-12-16T18:36:58.216+0000] {processor.py:838} WARNING - No viable dags retrieved from /opt/airflow/dags/scripts/pyspark_consumer.py
[2024-12-16T18:36:58.235+0000] {processor.py:179} INFO - Processing /opt/airflow/dags/scripts/pyspark_consumer.py took 0.040 seconds
[2024-12-16T18:37:28.970+0000] {processor.py:157} INFO - Started process (PID=105) to work on /opt/airflow/dags/scripts/pyspark_consumer.py
[2024-12-16T18:37:28.973+0000] {processor.py:826} INFO - Processing file /opt/airflow/dags/scripts/pyspark_consumer.py for tasks to queue
[2024-12-16T18:37:28.975+0000] {logging_mixin.py:150} INFO - [2024-12-16T18:37:28.975+0000] {dagbag.py:541} INFO - Filling up the DagBag from /opt/airflow/dags/scripts/pyspark_consumer.py
[2024-12-16T18:37:28.985+0000] {logging_mixin.py:150} INFO - [2024-12-16T18:37:28.983+0000] {dagbag.py:350} ERROR - Failed to import: /opt/airflow/dags/scripts/pyspark_consumer.py
Traceback (most recent call last):
  File "/home/airflow/.local/lib/python3.8/site-packages/airflow/models/dagbag.py", line 346, in parse
    loader.exec_module(new_module)
  File "<frozen importlib._bootstrap_external>", line 843, in exec_module
  File "<frozen importlib._bootstrap>", line 219, in _call_with_frames_removed
  File "/opt/airflow/dags/scripts/pyspark_consumer.py", line 1, in <module>
    import joblib
ModuleNotFoundError: No module named 'joblib'
[2024-12-16T18:37:28.985+0000] {processor.py:838} WARNING - No viable dags retrieved from /opt/airflow/dags/scripts/pyspark_consumer.py
[2024-12-16T18:37:29.023+0000] {processor.py:179} INFO - Processing /opt/airflow/dags/scripts/pyspark_consumer.py took 0.069 seconds
[2024-12-16T18:38:00.000+0000] {processor.py:157} INFO - Started process (PID=115) to work on /opt/airflow/dags/scripts/pyspark_consumer.py
[2024-12-16T18:38:00.009+0000] {processor.py:826} INFO - Processing file /opt/airflow/dags/scripts/pyspark_consumer.py for tasks to queue
[2024-12-16T18:38:00.011+0000] {logging_mixin.py:150} INFO - [2024-12-16T18:38:00.010+0000] {dagbag.py:541} INFO - Filling up the DagBag from /opt/airflow/dags/scripts/pyspark_consumer.py
[2024-12-16T18:38:00.023+0000] {logging_mixin.py:150} INFO - [2024-12-16T18:38:00.022+0000] {dagbag.py:350} ERROR - Failed to import: /opt/airflow/dags/scripts/pyspark_consumer.py
Traceback (most recent call last):
  File "/home/airflow/.local/lib/python3.8/site-packages/airflow/models/dagbag.py", line 346, in parse
    loader.exec_module(new_module)
  File "<frozen importlib._bootstrap_external>", line 843, in exec_module
  File "<frozen importlib._bootstrap>", line 219, in _call_with_frames_removed
  File "/opt/airflow/dags/scripts/pyspark_consumer.py", line 1, in <module>
    import joblib
ModuleNotFoundError: No module named 'joblib'
[2024-12-16T18:38:00.024+0000] {processor.py:838} WARNING - No viable dags retrieved from /opt/airflow/dags/scripts/pyspark_consumer.py
[2024-12-16T18:38:00.073+0000] {processor.py:179} INFO - Processing /opt/airflow/dags/scripts/pyspark_consumer.py took 0.083 seconds
[2024-12-16T18:38:30.865+0000] {processor.py:157} INFO - Started process (PID=125) to work on /opt/airflow/dags/scripts/pyspark_consumer.py
[2024-12-16T18:38:30.867+0000] {processor.py:826} INFO - Processing file /opt/airflow/dags/scripts/pyspark_consumer.py for tasks to queue
[2024-12-16T18:38:30.868+0000] {logging_mixin.py:150} INFO - [2024-12-16T18:38:30.867+0000] {dagbag.py:541} INFO - Filling up the DagBag from /opt/airflow/dags/scripts/pyspark_consumer.py
[2024-12-16T18:38:30.881+0000] {logging_mixin.py:150} INFO - [2024-12-16T18:38:30.877+0000] {dagbag.py:350} ERROR - Failed to import: /opt/airflow/dags/scripts/pyspark_consumer.py
Traceback (most recent call last):
  File "/home/airflow/.local/lib/python3.8/site-packages/airflow/models/dagbag.py", line 346, in parse
    loader.exec_module(new_module)
  File "<frozen importlib._bootstrap_external>", line 843, in exec_module
  File "<frozen importlib._bootstrap>", line 219, in _call_with_frames_removed
  File "/opt/airflow/dags/scripts/pyspark_consumer.py", line 1, in <module>
    import joblib
ModuleNotFoundError: No module named 'joblib'
[2024-12-16T18:38:30.881+0000] {processor.py:838} WARNING - No viable dags retrieved from /opt/airflow/dags/scripts/pyspark_consumer.py
[2024-12-16T18:38:30.926+0000] {processor.py:179} INFO - Processing /opt/airflow/dags/scripts/pyspark_consumer.py took 0.065 seconds
[2024-12-16T18:39:01.632+0000] {processor.py:157} INFO - Started process (PID=135) to work on /opt/airflow/dags/scripts/pyspark_consumer.py
[2024-12-16T18:39:01.635+0000] {processor.py:826} INFO - Processing file /opt/airflow/dags/scripts/pyspark_consumer.py for tasks to queue
[2024-12-16T18:39:01.636+0000] {logging_mixin.py:150} INFO - [2024-12-16T18:39:01.635+0000] {dagbag.py:541} INFO - Filling up the DagBag from /opt/airflow/dags/scripts/pyspark_consumer.py
[2024-12-16T18:39:01.653+0000] {logging_mixin.py:150} INFO - [2024-12-16T18:39:01.652+0000] {dagbag.py:350} ERROR - Failed to import: /opt/airflow/dags/scripts/pyspark_consumer.py
Traceback (most recent call last):
  File "/home/airflow/.local/lib/python3.8/site-packages/airflow/models/dagbag.py", line 346, in parse
    loader.exec_module(new_module)
  File "<frozen importlib._bootstrap_external>", line 843, in exec_module
  File "<frozen importlib._bootstrap>", line 219, in _call_with_frames_removed
  File "/opt/airflow/dags/scripts/pyspark_consumer.py", line 1, in <module>
    import joblib
ModuleNotFoundError: No module named 'joblib'
[2024-12-16T18:39:01.653+0000] {processor.py:838} WARNING - No viable dags retrieved from /opt/airflow/dags/scripts/pyspark_consumer.py
[2024-12-16T18:39:01.695+0000] {processor.py:179} INFO - Processing /opt/airflow/dags/scripts/pyspark_consumer.py took 0.071 seconds
[2024-12-16T18:39:32.421+0000] {processor.py:157} INFO - Started process (PID=145) to work on /opt/airflow/dags/scripts/pyspark_consumer.py
[2024-12-16T18:39:32.423+0000] {processor.py:826} INFO - Processing file /opt/airflow/dags/scripts/pyspark_consumer.py for tasks to queue
[2024-12-16T18:39:32.424+0000] {logging_mixin.py:150} INFO - [2024-12-16T18:39:32.423+0000] {dagbag.py:541} INFO - Filling up the DagBag from /opt/airflow/dags/scripts/pyspark_consumer.py
[2024-12-16T18:39:32.438+0000] {logging_mixin.py:150} INFO - [2024-12-16T18:39:32.431+0000] {dagbag.py:350} ERROR - Failed to import: /opt/airflow/dags/scripts/pyspark_consumer.py
Traceback (most recent call last):
  File "/home/airflow/.local/lib/python3.8/site-packages/airflow/models/dagbag.py", line 346, in parse
    loader.exec_module(new_module)
  File "<frozen importlib._bootstrap_external>", line 843, in exec_module
  File "<frozen importlib._bootstrap>", line 219, in _call_with_frames_removed
  File "/opt/airflow/dags/scripts/pyspark_consumer.py", line 1, in <module>
    import joblib
ModuleNotFoundError: No module named 'joblib'
[2024-12-16T18:39:32.439+0000] {processor.py:838} WARNING - No viable dags retrieved from /opt/airflow/dags/scripts/pyspark_consumer.py
[2024-12-16T18:39:32.479+0000] {processor.py:179} INFO - Processing /opt/airflow/dags/scripts/pyspark_consumer.py took 0.070 seconds
[2024-12-16T18:40:03.153+0000] {processor.py:157} INFO - Started process (PID=155) to work on /opt/airflow/dags/scripts/pyspark_consumer.py
[2024-12-16T18:40:03.158+0000] {processor.py:826} INFO - Processing file /opt/airflow/dags/scripts/pyspark_consumer.py for tasks to queue
[2024-12-16T18:40:03.162+0000] {logging_mixin.py:150} INFO - [2024-12-16T18:40:03.162+0000] {dagbag.py:541} INFO - Filling up the DagBag from /opt/airflow/dags/scripts/pyspark_consumer.py
[2024-12-16T18:40:03.180+0000] {logging_mixin.py:150} INFO - [2024-12-16T18:40:03.177+0000] {dagbag.py:350} ERROR - Failed to import: /opt/airflow/dags/scripts/pyspark_consumer.py
Traceback (most recent call last):
  File "/home/airflow/.local/lib/python3.8/site-packages/airflow/models/dagbag.py", line 346, in parse
    loader.exec_module(new_module)
  File "<frozen importlib._bootstrap_external>", line 843, in exec_module
  File "<frozen importlib._bootstrap>", line 219, in _call_with_frames_removed
  File "/opt/airflow/dags/scripts/pyspark_consumer.py", line 1, in <module>
    import joblib
ModuleNotFoundError: No module named 'joblib'
[2024-12-16T18:40:03.181+0000] {processor.py:838} WARNING - No viable dags retrieved from /opt/airflow/dags/scripts/pyspark_consumer.py
[2024-12-16T18:40:03.220+0000] {processor.py:179} INFO - Processing /opt/airflow/dags/scripts/pyspark_consumer.py took 0.074 seconds
[2024-12-16T18:43:34.971+0000] {processor.py:157} INFO - Started process (PID=26) to work on /opt/airflow/dags/scripts/pyspark_consumer.py
[2024-12-16T18:43:34.974+0000] {processor.py:826} INFO - Processing file /opt/airflow/dags/scripts/pyspark_consumer.py for tasks to queue
[2024-12-16T18:43:34.979+0000] {logging_mixin.py:150} INFO - [2024-12-16T18:43:34.976+0000] {dagbag.py:541} INFO - Filling up the DagBag from /opt/airflow/dags/scripts/pyspark_consumer.py
[2024-12-16T18:43:35.036+0000] {logging_mixin.py:150} INFO - [2024-12-16T18:43:35.008+0000] {dagbag.py:350} ERROR - Failed to import: /opt/airflow/dags/scripts/pyspark_consumer.py
Traceback (most recent call last):
  File "/home/airflow/.local/lib/python3.8/site-packages/airflow/models/dagbag.py", line 346, in parse
    loader.exec_module(new_module)
  File "<frozen importlib._bootstrap_external>", line 843, in exec_module
  File "<frozen importlib._bootstrap>", line 219, in _call_with_frames_removed
  File "/opt/airflow/dags/scripts/pyspark_consumer.py", line 1, in <module>
    import joblib
ModuleNotFoundError: No module named 'joblib'
[2024-12-16T18:43:35.038+0000] {processor.py:838} WARNING - No viable dags retrieved from /opt/airflow/dags/scripts/pyspark_consumer.py
[2024-12-16T18:43:35.096+0000] {processor.py:179} INFO - Processing /opt/airflow/dags/scripts/pyspark_consumer.py took 0.130 seconds
[2024-12-16T18:44:05.533+0000] {processor.py:157} INFO - Started process (PID=36) to work on /opt/airflow/dags/scripts/pyspark_consumer.py
[2024-12-16T18:44:05.547+0000] {processor.py:826} INFO - Processing file /opt/airflow/dags/scripts/pyspark_consumer.py for tasks to queue
[2024-12-16T18:44:05.555+0000] {logging_mixin.py:150} INFO - [2024-12-16T18:44:05.554+0000] {dagbag.py:541} INFO - Filling up the DagBag from /opt/airflow/dags/scripts/pyspark_consumer.py
[2024-12-16T18:44:05.568+0000] {logging_mixin.py:150} INFO - [2024-12-16T18:44:05.565+0000] {dagbag.py:350} ERROR - Failed to import: /opt/airflow/dags/scripts/pyspark_consumer.py
Traceback (most recent call last):
  File "/home/airflow/.local/lib/python3.8/site-packages/airflow/models/dagbag.py", line 346, in parse
    loader.exec_module(new_module)
  File "<frozen importlib._bootstrap_external>", line 843, in exec_module
  File "<frozen importlib._bootstrap>", line 219, in _call_with_frames_removed
  File "/opt/airflow/dags/scripts/pyspark_consumer.py", line 1, in <module>
    import joblib
ModuleNotFoundError: No module named 'joblib'
[2024-12-16T18:44:05.569+0000] {processor.py:838} WARNING - No viable dags retrieved from /opt/airflow/dags/scripts/pyspark_consumer.py
[2024-12-16T18:44:05.598+0000] {processor.py:179} INFO - Processing /opt/airflow/dags/scripts/pyspark_consumer.py took 0.083 seconds
[2024-12-16T18:44:36.177+0000] {processor.py:157} INFO - Started process (PID=46) to work on /opt/airflow/dags/scripts/pyspark_consumer.py
[2024-12-16T18:44:36.179+0000] {processor.py:826} INFO - Processing file /opt/airflow/dags/scripts/pyspark_consumer.py for tasks to queue
[2024-12-16T18:44:36.181+0000] {logging_mixin.py:150} INFO - [2024-12-16T18:44:36.181+0000] {dagbag.py:541} INFO - Filling up the DagBag from /opt/airflow/dags/scripts/pyspark_consumer.py
[2024-12-16T18:44:36.193+0000] {logging_mixin.py:150} INFO - [2024-12-16T18:44:36.189+0000] {dagbag.py:350} ERROR - Failed to import: /opt/airflow/dags/scripts/pyspark_consumer.py
Traceback (most recent call last):
  File "/home/airflow/.local/lib/python3.8/site-packages/airflow/models/dagbag.py", line 346, in parse
    loader.exec_module(new_module)
  File "<frozen importlib._bootstrap_external>", line 843, in exec_module
  File "<frozen importlib._bootstrap>", line 219, in _call_with_frames_removed
  File "/opt/airflow/dags/scripts/pyspark_consumer.py", line 1, in <module>
    import joblib
ModuleNotFoundError: No module named 'joblib'
[2024-12-16T18:44:36.193+0000] {processor.py:838} WARNING - No viable dags retrieved from /opt/airflow/dags/scripts/pyspark_consumer.py
[2024-12-16T18:44:36.217+0000] {processor.py:179} INFO - Processing /opt/airflow/dags/scripts/pyspark_consumer.py took 0.054 seconds
[2024-12-16T18:45:53.343+0000] {processor.py:157} INFO - Started process (PID=26) to work on /opt/airflow/dags/scripts/pyspark_consumer.py
[2024-12-16T18:45:53.347+0000] {processor.py:826} INFO - Processing file /opt/airflow/dags/scripts/pyspark_consumer.py for tasks to queue
[2024-12-16T18:45:53.348+0000] {logging_mixin.py:150} INFO - [2024-12-16T18:45:53.348+0000] {dagbag.py:541} INFO - Filling up the DagBag from /opt/airflow/dags/scripts/pyspark_consumer.py
[2024-12-16T18:45:53.371+0000] {logging_mixin.py:150} INFO - [2024-12-16T18:45:53.364+0000] {dagbag.py:350} ERROR - Failed to import: /opt/airflow/dags/scripts/pyspark_consumer.py
Traceback (most recent call last):
  File "/home/airflow/.local/lib/python3.8/site-packages/airflow/models/dagbag.py", line 346, in parse
    loader.exec_module(new_module)
  File "<frozen importlib._bootstrap_external>", line 843, in exec_module
  File "<frozen importlib._bootstrap>", line 219, in _call_with_frames_removed
  File "/opt/airflow/dags/scripts/pyspark_consumer.py", line 1, in <module>
    import joblib
ModuleNotFoundError: No module named 'joblib'
[2024-12-16T18:45:53.373+0000] {processor.py:838} WARNING - No viable dags retrieved from /opt/airflow/dags/scripts/pyspark_consumer.py
[2024-12-16T18:45:53.427+0000] {processor.py:179} INFO - Processing /opt/airflow/dags/scripts/pyspark_consumer.py took 0.097 seconds
[2024-12-16T18:46:35.605+0000] {processor.py:157} INFO - Started process (PID=26) to work on /opt/airflow/dags/scripts/pyspark_consumer.py
[2024-12-16T18:46:35.609+0000] {processor.py:826} INFO - Processing file /opt/airflow/dags/scripts/pyspark_consumer.py for tasks to queue
[2024-12-16T18:46:35.610+0000] {logging_mixin.py:150} INFO - [2024-12-16T18:46:35.609+0000] {dagbag.py:541} INFO - Filling up the DagBag from /opt/airflow/dags/scripts/pyspark_consumer.py
[2024-12-16T18:46:35.630+0000] {logging_mixin.py:150} INFO - [2024-12-16T18:46:35.624+0000] {dagbag.py:350} ERROR - Failed to import: /opt/airflow/dags/scripts/pyspark_consumer.py
Traceback (most recent call last):
  File "/home/airflow/.local/lib/python3.8/site-packages/airflow/models/dagbag.py", line 346, in parse
    loader.exec_module(new_module)
  File "<frozen importlib._bootstrap_external>", line 843, in exec_module
  File "<frozen importlib._bootstrap>", line 219, in _call_with_frames_removed
  File "/opt/airflow/dags/scripts/pyspark_consumer.py", line 1, in <module>
    import joblib
ModuleNotFoundError: No module named 'joblib'
[2024-12-16T18:46:35.634+0000] {processor.py:838} WARNING - No viable dags retrieved from /opt/airflow/dags/scripts/pyspark_consumer.py
[2024-12-16T18:46:35.677+0000] {processor.py:179} INFO - Processing /opt/airflow/dags/scripts/pyspark_consumer.py took 0.085 seconds
[2024-12-16T18:47:05.961+0000] {processor.py:157} INFO - Started process (PID=36) to work on /opt/airflow/dags/scripts/pyspark_consumer.py
[2024-12-16T18:47:05.966+0000] {processor.py:826} INFO - Processing file /opt/airflow/dags/scripts/pyspark_consumer.py for tasks to queue
[2024-12-16T18:47:05.968+0000] {logging_mixin.py:150} INFO - [2024-12-16T18:47:05.968+0000] {dagbag.py:541} INFO - Filling up the DagBag from /opt/airflow/dags/scripts/pyspark_consumer.py
[2024-12-16T18:47:05.976+0000] {logging_mixin.py:150} INFO - [2024-12-16T18:47:05.975+0000] {dagbag.py:350} ERROR - Failed to import: /opt/airflow/dags/scripts/pyspark_consumer.py
Traceback (most recent call last):
  File "/home/airflow/.local/lib/python3.8/site-packages/airflow/models/dagbag.py", line 346, in parse
    loader.exec_module(new_module)
  File "<frozen importlib._bootstrap_external>", line 843, in exec_module
  File "<frozen importlib._bootstrap>", line 219, in _call_with_frames_removed
  File "/opt/airflow/dags/scripts/pyspark_consumer.py", line 1, in <module>
    import joblib
ModuleNotFoundError: No module named 'joblib'
[2024-12-16T18:47:05.977+0000] {processor.py:838} WARNING - No viable dags retrieved from /opt/airflow/dags/scripts/pyspark_consumer.py
[2024-12-16T18:47:06.000+0000] {processor.py:179} INFO - Processing /opt/airflow/dags/scripts/pyspark_consumer.py took 0.043 seconds
[2024-12-16T18:47:36.574+0000] {processor.py:157} INFO - Started process (PID=46) to work on /opt/airflow/dags/scripts/pyspark_consumer.py
[2024-12-16T18:47:36.578+0000] {processor.py:826} INFO - Processing file /opt/airflow/dags/scripts/pyspark_consumer.py for tasks to queue
[2024-12-16T18:47:36.579+0000] {logging_mixin.py:150} INFO - [2024-12-16T18:47:36.578+0000] {dagbag.py:541} INFO - Filling up the DagBag from /opt/airflow/dags/scripts/pyspark_consumer.py
[2024-12-16T18:47:36.586+0000] {logging_mixin.py:150} INFO - [2024-12-16T18:47:36.585+0000] {dagbag.py:350} ERROR - Failed to import: /opt/airflow/dags/scripts/pyspark_consumer.py
Traceback (most recent call last):
  File "/home/airflow/.local/lib/python3.8/site-packages/airflow/models/dagbag.py", line 346, in parse
    loader.exec_module(new_module)
  File "<frozen importlib._bootstrap_external>", line 843, in exec_module
  File "<frozen importlib._bootstrap>", line 219, in _call_with_frames_removed
  File "/opt/airflow/dags/scripts/pyspark_consumer.py", line 1, in <module>
    import joblib
ModuleNotFoundError: No module named 'joblib'
[2024-12-16T18:47:36.586+0000] {processor.py:838} WARNING - No viable dags retrieved from /opt/airflow/dags/scripts/pyspark_consumer.py
[2024-12-16T18:47:36.610+0000] {processor.py:179} INFO - Processing /opt/airflow/dags/scripts/pyspark_consumer.py took 0.044 seconds
[2024-12-16T18:48:07.595+0000] {processor.py:157} INFO - Started process (PID=56) to work on /opt/airflow/dags/scripts/pyspark_consumer.py
[2024-12-16T18:48:07.599+0000] {processor.py:826} INFO - Processing file /opt/airflow/dags/scripts/pyspark_consumer.py for tasks to queue
[2024-12-16T18:48:07.600+0000] {logging_mixin.py:150} INFO - [2024-12-16T18:48:07.600+0000] {dagbag.py:541} INFO - Filling up the DagBag from /opt/airflow/dags/scripts/pyspark_consumer.py
[2024-12-16T18:48:07.613+0000] {logging_mixin.py:150} INFO - [2024-12-16T18:48:07.609+0000] {dagbag.py:350} ERROR - Failed to import: /opt/airflow/dags/scripts/pyspark_consumer.py
Traceback (most recent call last):
  File "/home/airflow/.local/lib/python3.8/site-packages/airflow/models/dagbag.py", line 346, in parse
    loader.exec_module(new_module)
  File "<frozen importlib._bootstrap_external>", line 843, in exec_module
  File "<frozen importlib._bootstrap>", line 219, in _call_with_frames_removed
  File "/opt/airflow/dags/scripts/pyspark_consumer.py", line 1, in <module>
    import joblib
ModuleNotFoundError: No module named 'joblib'
[2024-12-16T18:48:07.613+0000] {processor.py:838} WARNING - No viable dags retrieved from /opt/airflow/dags/scripts/pyspark_consumer.py
[2024-12-16T18:48:07.635+0000] {processor.py:179} INFO - Processing /opt/airflow/dags/scripts/pyspark_consumer.py took 0.057 seconds
[2024-12-16T18:48:38.318+0000] {processor.py:157} INFO - Started process (PID=66) to work on /opt/airflow/dags/scripts/pyspark_consumer.py
[2024-12-16T18:48:38.321+0000] {processor.py:826} INFO - Processing file /opt/airflow/dags/scripts/pyspark_consumer.py for tasks to queue
[2024-12-16T18:48:38.324+0000] {logging_mixin.py:150} INFO - [2024-12-16T18:48:38.322+0000] {dagbag.py:541} INFO - Filling up the DagBag from /opt/airflow/dags/scripts/pyspark_consumer.py
[2024-12-16T18:48:38.340+0000] {logging_mixin.py:150} INFO - [2024-12-16T18:48:38.336+0000] {dagbag.py:350} ERROR - Failed to import: /opt/airflow/dags/scripts/pyspark_consumer.py
Traceback (most recent call last):
  File "/home/airflow/.local/lib/python3.8/site-packages/airflow/models/dagbag.py", line 346, in parse
    loader.exec_module(new_module)
  File "<frozen importlib._bootstrap_external>", line 843, in exec_module
  File "<frozen importlib._bootstrap>", line 219, in _call_with_frames_removed
  File "/opt/airflow/dags/scripts/pyspark_consumer.py", line 1, in <module>
    import joblib
ModuleNotFoundError: No module named 'joblib'
[2024-12-16T18:48:38.341+0000] {processor.py:838} WARNING - No viable dags retrieved from /opt/airflow/dags/scripts/pyspark_consumer.py
[2024-12-16T18:48:38.375+0000] {processor.py:179} INFO - Processing /opt/airflow/dags/scripts/pyspark_consumer.py took 0.063 seconds
[2024-12-16T18:49:08.810+0000] {processor.py:157} INFO - Started process (PID=76) to work on /opt/airflow/dags/scripts/pyspark_consumer.py
[2024-12-16T18:49:08.812+0000] {processor.py:826} INFO - Processing file /opt/airflow/dags/scripts/pyspark_consumer.py for tasks to queue
[2024-12-16T18:49:08.816+0000] {logging_mixin.py:150} INFO - [2024-12-16T18:49:08.813+0000] {dagbag.py:541} INFO - Filling up the DagBag from /opt/airflow/dags/scripts/pyspark_consumer.py
[2024-12-16T18:49:08.832+0000] {logging_mixin.py:150} INFO - [2024-12-16T18:49:08.829+0000] {dagbag.py:350} ERROR - Failed to import: /opt/airflow/dags/scripts/pyspark_consumer.py
Traceback (most recent call last):
  File "/home/airflow/.local/lib/python3.8/site-packages/airflow/models/dagbag.py", line 346, in parse
    loader.exec_module(new_module)
  File "<frozen importlib._bootstrap_external>", line 843, in exec_module
  File "<frozen importlib._bootstrap>", line 219, in _call_with_frames_removed
  File "/opt/airflow/dags/scripts/pyspark_consumer.py", line 1, in <module>
    import joblib
ModuleNotFoundError: No module named 'joblib'
[2024-12-16T18:49:08.832+0000] {processor.py:838} WARNING - No viable dags retrieved from /opt/airflow/dags/scripts/pyspark_consumer.py
[2024-12-16T18:49:08.879+0000] {processor.py:179} INFO - Processing /opt/airflow/dags/scripts/pyspark_consumer.py took 0.075 seconds
[2024-12-16T18:49:39.832+0000] {processor.py:157} INFO - Started process (PID=86) to work on /opt/airflow/dags/scripts/pyspark_consumer.py
[2024-12-16T18:49:39.834+0000] {processor.py:826} INFO - Processing file /opt/airflow/dags/scripts/pyspark_consumer.py for tasks to queue
[2024-12-16T18:49:39.837+0000] {logging_mixin.py:150} INFO - [2024-12-16T18:49:39.836+0000] {dagbag.py:541} INFO - Filling up the DagBag from /opt/airflow/dags/scripts/pyspark_consumer.py
[2024-12-16T18:49:39.861+0000] {logging_mixin.py:150} INFO - [2024-12-16T18:49:39.858+0000] {dagbag.py:350} ERROR - Failed to import: /opt/airflow/dags/scripts/pyspark_consumer.py
Traceback (most recent call last):
  File "/home/airflow/.local/lib/python3.8/site-packages/airflow/models/dagbag.py", line 346, in parse
    loader.exec_module(new_module)
  File "<frozen importlib._bootstrap_external>", line 843, in exec_module
  File "<frozen importlib._bootstrap>", line 219, in _call_with_frames_removed
  File "/opt/airflow/dags/scripts/pyspark_consumer.py", line 1, in <module>
    import joblib
ModuleNotFoundError: No module named 'joblib'
[2024-12-16T18:49:39.861+0000] {processor.py:838} WARNING - No viable dags retrieved from /opt/airflow/dags/scripts/pyspark_consumer.py
[2024-12-16T18:49:39.898+0000] {processor.py:179} INFO - Processing /opt/airflow/dags/scripts/pyspark_consumer.py took 0.078 seconds
