[2024-12-16T18:31:38.381+0000] {processor.py:157} INFO - Started process (PID=28) to work on /opt/airflow/dags/scripts/pyspark_consumer4.py
[2024-12-16T18:31:38.385+0000] {processor.py:826} INFO - Processing file /opt/airflow/dags/scripts/pyspark_consumer4.py for tasks to queue
[2024-12-16T18:31:38.387+0000] {logging_mixin.py:150} INFO - [2024-12-16T18:31:38.386+0000] {dagbag.py:541} INFO - Filling up the DagBag from /opt/airflow/dags/scripts/pyspark_consumer4.py
[2024-12-16T18:31:38.417+0000] {logging_mixin.py:150} INFO - [2024-12-16T18:31:38.410+0000] {dagbag.py:350} ERROR - Failed to import: /opt/airflow/dags/scripts/pyspark_consumer4.py
Traceback (most recent call last):
  File "/home/airflow/.local/lib/python3.8/site-packages/airflow/models/dagbag.py", line 346, in parse
    loader.exec_module(new_module)
  File "<frozen importlib._bootstrap_external>", line 843, in exec_module
  File "<frozen importlib._bootstrap>", line 219, in _call_with_frames_removed
  File "/opt/airflow/dags/scripts/pyspark_consumer4.py", line 1, in <module>
    import joblib
ModuleNotFoundError: No module named 'joblib'
[2024-12-16T18:31:38.422+0000] {processor.py:838} WARNING - No viable dags retrieved from /opt/airflow/dags/scripts/pyspark_consumer4.py
[2024-12-16T18:31:38.540+0000] {processor.py:179} INFO - Processing /opt/airflow/dags/scripts/pyspark_consumer4.py took 0.168 seconds
[2024-12-16T18:32:09.253+0000] {processor.py:157} INFO - Started process (PID=38) to work on /opt/airflow/dags/scripts/pyspark_consumer4.py
[2024-12-16T18:32:09.253+0000] {processor.py:826} INFO - Processing file /opt/airflow/dags/scripts/pyspark_consumer4.py for tasks to queue
[2024-12-16T18:32:09.254+0000] {logging_mixin.py:150} INFO - [2024-12-16T18:32:09.254+0000] {dagbag.py:541} INFO - Filling up the DagBag from /opt/airflow/dags/scripts/pyspark_consumer4.py
[2024-12-16T18:32:09.257+0000] {logging_mixin.py:150} INFO - [2024-12-16T18:32:09.257+0000] {dagbag.py:350} ERROR - Failed to import: /opt/airflow/dags/scripts/pyspark_consumer4.py
Traceback (most recent call last):
  File "/home/airflow/.local/lib/python3.8/site-packages/airflow/models/dagbag.py", line 346, in parse
    loader.exec_module(new_module)
  File "<frozen importlib._bootstrap_external>", line 843, in exec_module
  File "<frozen importlib._bootstrap>", line 219, in _call_with_frames_removed
  File "/opt/airflow/dags/scripts/pyspark_consumer4.py", line 1, in <module>
    import joblib
ModuleNotFoundError: No module named 'joblib'
[2024-12-16T18:32:09.258+0000] {processor.py:838} WARNING - No viable dags retrieved from /opt/airflow/dags/scripts/pyspark_consumer4.py
[2024-12-16T18:32:09.273+0000] {processor.py:179} INFO - Processing /opt/airflow/dags/scripts/pyspark_consumer4.py took 0.024 seconds
[2024-12-16T18:33:23.026+0000] {processor.py:157} INFO - Started process (PID=27) to work on /opt/airflow/dags/scripts/pyspark_consumer4.py
[2024-12-16T18:33:23.035+0000] {processor.py:826} INFO - Processing file /opt/airflow/dags/scripts/pyspark_consumer4.py for tasks to queue
[2024-12-16T18:33:23.041+0000] {logging_mixin.py:150} INFO - [2024-12-16T18:33:23.041+0000] {dagbag.py:541} INFO - Filling up the DagBag from /opt/airflow/dags/scripts/pyspark_consumer4.py
[2024-12-16T18:33:23.052+0000] {logging_mixin.py:150} INFO - [2024-12-16T18:33:23.049+0000] {dagbag.py:350} ERROR - Failed to import: /opt/airflow/dags/scripts/pyspark_consumer4.py
Traceback (most recent call last):
  File "/home/airflow/.local/lib/python3.8/site-packages/airflow/models/dagbag.py", line 346, in parse
    loader.exec_module(new_module)
  File "<frozen importlib._bootstrap_external>", line 843, in exec_module
  File "<frozen importlib._bootstrap>", line 219, in _call_with_frames_removed
  File "/opt/airflow/dags/scripts/pyspark_consumer4.py", line 1, in <module>
    import joblib
ModuleNotFoundError: No module named 'joblib'
[2024-12-16T18:33:23.055+0000] {processor.py:838} WARNING - No viable dags retrieved from /opt/airflow/dags/scripts/pyspark_consumer4.py
[2024-12-16T18:33:23.133+0000] {processor.py:179} INFO - Processing /opt/airflow/dags/scripts/pyspark_consumer4.py took 0.121 seconds
[2024-12-16T18:33:53.844+0000] {processor.py:157} INFO - Started process (PID=37) to work on /opt/airflow/dags/scripts/pyspark_consumer4.py
[2024-12-16T18:33:53.845+0000] {processor.py:826} INFO - Processing file /opt/airflow/dags/scripts/pyspark_consumer4.py for tasks to queue
[2024-12-16T18:33:53.845+0000] {logging_mixin.py:150} INFO - [2024-12-16T18:33:53.845+0000] {dagbag.py:541} INFO - Filling up the DagBag from /opt/airflow/dags/scripts/pyspark_consumer4.py
[2024-12-16T18:33:53.848+0000] {logging_mixin.py:150} INFO - [2024-12-16T18:33:53.847+0000] {dagbag.py:350} ERROR - Failed to import: /opt/airflow/dags/scripts/pyspark_consumer4.py
Traceback (most recent call last):
  File "/home/airflow/.local/lib/python3.8/site-packages/airflow/models/dagbag.py", line 346, in parse
    loader.exec_module(new_module)
  File "<frozen importlib._bootstrap_external>", line 843, in exec_module
  File "<frozen importlib._bootstrap>", line 219, in _call_with_frames_removed
  File "/opt/airflow/dags/scripts/pyspark_consumer4.py", line 1, in <module>
    import joblib
ModuleNotFoundError: No module named 'joblib'
[2024-12-16T18:33:53.848+0000] {processor.py:838} WARNING - No viable dags retrieved from /opt/airflow/dags/scripts/pyspark_consumer4.py
[2024-12-16T18:33:53.860+0000] {processor.py:179} INFO - Processing /opt/airflow/dags/scripts/pyspark_consumer4.py took 0.018 seconds
[2024-12-16T18:34:24.421+0000] {processor.py:157} INFO - Started process (PID=47) to work on /opt/airflow/dags/scripts/pyspark_consumer4.py
[2024-12-16T18:34:24.421+0000] {processor.py:826} INFO - Processing file /opt/airflow/dags/scripts/pyspark_consumer4.py for tasks to queue
[2024-12-16T18:34:24.422+0000] {logging_mixin.py:150} INFO - [2024-12-16T18:34:24.422+0000] {dagbag.py:541} INFO - Filling up the DagBag from /opt/airflow/dags/scripts/pyspark_consumer4.py
[2024-12-16T18:34:24.424+0000] {logging_mixin.py:150} INFO - [2024-12-16T18:34:24.424+0000] {dagbag.py:350} ERROR - Failed to import: /opt/airflow/dags/scripts/pyspark_consumer4.py
Traceback (most recent call last):
  File "/home/airflow/.local/lib/python3.8/site-packages/airflow/models/dagbag.py", line 346, in parse
    loader.exec_module(new_module)
  File "<frozen importlib._bootstrap_external>", line 843, in exec_module
  File "<frozen importlib._bootstrap>", line 219, in _call_with_frames_removed
  File "/opt/airflow/dags/scripts/pyspark_consumer4.py", line 1, in <module>
    import joblib
ModuleNotFoundError: No module named 'joblib'
[2024-12-16T18:34:24.424+0000] {processor.py:838} WARNING - No viable dags retrieved from /opt/airflow/dags/scripts/pyspark_consumer4.py
[2024-12-16T18:34:24.433+0000] {processor.py:179} INFO - Processing /opt/airflow/dags/scripts/pyspark_consumer4.py took 0.015 seconds
[2024-12-16T18:34:55.171+0000] {processor.py:157} INFO - Started process (PID=57) to work on /opt/airflow/dags/scripts/pyspark_consumer4.py
[2024-12-16T18:34:55.171+0000] {processor.py:826} INFO - Processing file /opt/airflow/dags/scripts/pyspark_consumer4.py for tasks to queue
[2024-12-16T18:34:55.172+0000] {logging_mixin.py:150} INFO - [2024-12-16T18:34:55.172+0000] {dagbag.py:541} INFO - Filling up the DagBag from /opt/airflow/dags/scripts/pyspark_consumer4.py
[2024-12-16T18:34:55.174+0000] {logging_mixin.py:150} INFO - [2024-12-16T18:34:55.174+0000] {dagbag.py:350} ERROR - Failed to import: /opt/airflow/dags/scripts/pyspark_consumer4.py
Traceback (most recent call last):
  File "/home/airflow/.local/lib/python3.8/site-packages/airflow/models/dagbag.py", line 346, in parse
    loader.exec_module(new_module)
  File "<frozen importlib._bootstrap_external>", line 843, in exec_module
  File "<frozen importlib._bootstrap>", line 219, in _call_with_frames_removed
  File "/opt/airflow/dags/scripts/pyspark_consumer4.py", line 1, in <module>
    import joblib
ModuleNotFoundError: No module named 'joblib'
[2024-12-16T18:34:55.174+0000] {processor.py:838} WARNING - No viable dags retrieved from /opt/airflow/dags/scripts/pyspark_consumer4.py
[2024-12-16T18:34:55.183+0000] {processor.py:179} INFO - Processing /opt/airflow/dags/scripts/pyspark_consumer4.py took 0.014 seconds
[2024-12-16T18:35:25.888+0000] {processor.py:157} INFO - Started process (PID=67) to work on /opt/airflow/dags/scripts/pyspark_consumer4.py
[2024-12-16T18:35:25.889+0000] {processor.py:826} INFO - Processing file /opt/airflow/dags/scripts/pyspark_consumer4.py for tasks to queue
[2024-12-16T18:35:25.889+0000] {logging_mixin.py:150} INFO - [2024-12-16T18:35:25.889+0000] {dagbag.py:541} INFO - Filling up the DagBag from /opt/airflow/dags/scripts/pyspark_consumer4.py
[2024-12-16T18:35:25.892+0000] {logging_mixin.py:150} INFO - [2024-12-16T18:35:25.891+0000] {dagbag.py:350} ERROR - Failed to import: /opt/airflow/dags/scripts/pyspark_consumer4.py
Traceback (most recent call last):
  File "/home/airflow/.local/lib/python3.8/site-packages/airflow/models/dagbag.py", line 346, in parse
    loader.exec_module(new_module)
  File "<frozen importlib._bootstrap_external>", line 843, in exec_module
  File "<frozen importlib._bootstrap>", line 219, in _call_with_frames_removed
  File "/opt/airflow/dags/scripts/pyspark_consumer4.py", line 1, in <module>
    import joblib
ModuleNotFoundError: No module named 'joblib'
[2024-12-16T18:35:25.892+0000] {processor.py:838} WARNING - No viable dags retrieved from /opt/airflow/dags/scripts/pyspark_consumer4.py
[2024-12-16T18:35:25.903+0000] {processor.py:179} INFO - Processing /opt/airflow/dags/scripts/pyspark_consumer4.py took 0.017 seconds
[2024-12-16T18:35:56.651+0000] {processor.py:157} INFO - Started process (PID=77) to work on /opt/airflow/dags/scripts/pyspark_consumer4.py
[2024-12-16T18:35:56.651+0000] {processor.py:826} INFO - Processing file /opt/airflow/dags/scripts/pyspark_consumer4.py for tasks to queue
[2024-12-16T18:35:56.652+0000] {logging_mixin.py:150} INFO - [2024-12-16T18:35:56.652+0000] {dagbag.py:541} INFO - Filling up the DagBag from /opt/airflow/dags/scripts/pyspark_consumer4.py
[2024-12-16T18:35:56.654+0000] {logging_mixin.py:150} INFO - [2024-12-16T18:35:56.654+0000] {dagbag.py:350} ERROR - Failed to import: /opt/airflow/dags/scripts/pyspark_consumer4.py
Traceback (most recent call last):
  File "/home/airflow/.local/lib/python3.8/site-packages/airflow/models/dagbag.py", line 346, in parse
    loader.exec_module(new_module)
  File "<frozen importlib._bootstrap_external>", line 843, in exec_module
  File "<frozen importlib._bootstrap>", line 219, in _call_with_frames_removed
  File "/opt/airflow/dags/scripts/pyspark_consumer4.py", line 1, in <module>
    import joblib
ModuleNotFoundError: No module named 'joblib'
[2024-12-16T18:35:56.655+0000] {processor.py:838} WARNING - No viable dags retrieved from /opt/airflow/dags/scripts/pyspark_consumer4.py
[2024-12-16T18:35:56.664+0000] {processor.py:179} INFO - Processing /opt/airflow/dags/scripts/pyspark_consumer4.py took 0.015 seconds
[2024-12-16T18:36:27.528+0000] {processor.py:157} INFO - Started process (PID=87) to work on /opt/airflow/dags/scripts/pyspark_consumer4.py
[2024-12-16T18:36:27.529+0000] {processor.py:826} INFO - Processing file /opt/airflow/dags/scripts/pyspark_consumer4.py for tasks to queue
[2024-12-16T18:36:27.529+0000] {logging_mixin.py:150} INFO - [2024-12-16T18:36:27.529+0000] {dagbag.py:541} INFO - Filling up the DagBag from /opt/airflow/dags/scripts/pyspark_consumer4.py
[2024-12-16T18:36:27.532+0000] {logging_mixin.py:150} INFO - [2024-12-16T18:36:27.531+0000] {dagbag.py:350} ERROR - Failed to import: /opt/airflow/dags/scripts/pyspark_consumer4.py
Traceback (most recent call last):
  File "/home/airflow/.local/lib/python3.8/site-packages/airflow/models/dagbag.py", line 346, in parse
    loader.exec_module(new_module)
  File "<frozen importlib._bootstrap_external>", line 843, in exec_module
  File "<frozen importlib._bootstrap>", line 219, in _call_with_frames_removed
  File "/opt/airflow/dags/scripts/pyspark_consumer4.py", line 1, in <module>
    import joblib
ModuleNotFoundError: No module named 'joblib'
[2024-12-16T18:36:27.532+0000] {processor.py:838} WARNING - No viable dags retrieved from /opt/airflow/dags/scripts/pyspark_consumer4.py
[2024-12-16T18:36:27.543+0000] {processor.py:179} INFO - Processing /opt/airflow/dags/scripts/pyspark_consumer4.py took 0.017 seconds
[2024-12-16T18:36:58.246+0000] {processor.py:157} INFO - Started process (PID=97) to work on /opt/airflow/dags/scripts/pyspark_consumer4.py
[2024-12-16T18:36:58.246+0000] {processor.py:826} INFO - Processing file /opt/airflow/dags/scripts/pyspark_consumer4.py for tasks to queue
[2024-12-16T18:36:58.247+0000] {logging_mixin.py:150} INFO - [2024-12-16T18:36:58.247+0000] {dagbag.py:541} INFO - Filling up the DagBag from /opt/airflow/dags/scripts/pyspark_consumer4.py
[2024-12-16T18:36:58.249+0000] {logging_mixin.py:150} INFO - [2024-12-16T18:36:58.249+0000] {dagbag.py:350} ERROR - Failed to import: /opt/airflow/dags/scripts/pyspark_consumer4.py
Traceback (most recent call last):
  File "/home/airflow/.local/lib/python3.8/site-packages/airflow/models/dagbag.py", line 346, in parse
    loader.exec_module(new_module)
  File "<frozen importlib._bootstrap_external>", line 843, in exec_module
  File "<frozen importlib._bootstrap>", line 219, in _call_with_frames_removed
  File "/opt/airflow/dags/scripts/pyspark_consumer4.py", line 1, in <module>
    import joblib
ModuleNotFoundError: No module named 'joblib'
[2024-12-16T18:36:58.249+0000] {processor.py:838} WARNING - No viable dags retrieved from /opt/airflow/dags/scripts/pyspark_consumer4.py
[2024-12-16T18:36:58.258+0000] {processor.py:179} INFO - Processing /opt/airflow/dags/scripts/pyspark_consumer4.py took 0.015 seconds
[2024-12-16T18:37:29.038+0000] {processor.py:157} INFO - Started process (PID=107) to work on /opt/airflow/dags/scripts/pyspark_consumer4.py
[2024-12-16T18:37:29.039+0000] {processor.py:826} INFO - Processing file /opt/airflow/dags/scripts/pyspark_consumer4.py for tasks to queue
[2024-12-16T18:37:29.039+0000] {logging_mixin.py:150} INFO - [2024-12-16T18:37:29.039+0000] {dagbag.py:541} INFO - Filling up the DagBag from /opt/airflow/dags/scripts/pyspark_consumer4.py
[2024-12-16T18:37:29.042+0000] {logging_mixin.py:150} INFO - [2024-12-16T18:37:29.042+0000] {dagbag.py:350} ERROR - Failed to import: /opt/airflow/dags/scripts/pyspark_consumer4.py
Traceback (most recent call last):
  File "/home/airflow/.local/lib/python3.8/site-packages/airflow/models/dagbag.py", line 346, in parse
    loader.exec_module(new_module)
  File "<frozen importlib._bootstrap_external>", line 843, in exec_module
  File "<frozen importlib._bootstrap>", line 219, in _call_with_frames_removed
  File "/opt/airflow/dags/scripts/pyspark_consumer4.py", line 1, in <module>
    import joblib
ModuleNotFoundError: No module named 'joblib'
[2024-12-16T18:37:29.043+0000] {processor.py:838} WARNING - No viable dags retrieved from /opt/airflow/dags/scripts/pyspark_consumer4.py
[2024-12-16T18:37:29.052+0000] {processor.py:179} INFO - Processing /opt/airflow/dags/scripts/pyspark_consumer4.py took 0.017 seconds
[2024-12-16T18:38:00.084+0000] {processor.py:157} INFO - Started process (PID=117) to work on /opt/airflow/dags/scripts/pyspark_consumer4.py
[2024-12-16T18:38:00.085+0000] {processor.py:826} INFO - Processing file /opt/airflow/dags/scripts/pyspark_consumer4.py for tasks to queue
[2024-12-16T18:38:00.086+0000] {logging_mixin.py:150} INFO - [2024-12-16T18:38:00.085+0000] {dagbag.py:541} INFO - Filling up the DagBag from /opt/airflow/dags/scripts/pyspark_consumer4.py
[2024-12-16T18:38:00.088+0000] {logging_mixin.py:150} INFO - [2024-12-16T18:38:00.088+0000] {dagbag.py:350} ERROR - Failed to import: /opt/airflow/dags/scripts/pyspark_consumer4.py
Traceback (most recent call last):
  File "/home/airflow/.local/lib/python3.8/site-packages/airflow/models/dagbag.py", line 346, in parse
    loader.exec_module(new_module)
  File "<frozen importlib._bootstrap_external>", line 843, in exec_module
  File "<frozen importlib._bootstrap>", line 219, in _call_with_frames_removed
  File "/opt/airflow/dags/scripts/pyspark_consumer4.py", line 1, in <module>
    import joblib
ModuleNotFoundError: No module named 'joblib'
[2024-12-16T18:38:00.088+0000] {processor.py:838} WARNING - No viable dags retrieved from /opt/airflow/dags/scripts/pyspark_consumer4.py
[2024-12-16T18:38:00.100+0000] {processor.py:179} INFO - Processing /opt/airflow/dags/scripts/pyspark_consumer4.py took 0.017 seconds
[2024-12-16T18:38:30.939+0000] {processor.py:157} INFO - Started process (PID=127) to work on /opt/airflow/dags/scripts/pyspark_consumer4.py
[2024-12-16T18:38:30.939+0000] {processor.py:826} INFO - Processing file /opt/airflow/dags/scripts/pyspark_consumer4.py for tasks to queue
[2024-12-16T18:38:30.940+0000] {logging_mixin.py:150} INFO - [2024-12-16T18:38:30.939+0000] {dagbag.py:541} INFO - Filling up the DagBag from /opt/airflow/dags/scripts/pyspark_consumer4.py
[2024-12-16T18:38:30.942+0000] {logging_mixin.py:150} INFO - [2024-12-16T18:38:30.941+0000] {dagbag.py:350} ERROR - Failed to import: /opt/airflow/dags/scripts/pyspark_consumer4.py
Traceback (most recent call last):
  File "/home/airflow/.local/lib/python3.8/site-packages/airflow/models/dagbag.py", line 346, in parse
    loader.exec_module(new_module)
  File "<frozen importlib._bootstrap_external>", line 843, in exec_module
  File "<frozen importlib._bootstrap>", line 219, in _call_with_frames_removed
  File "/opt/airflow/dags/scripts/pyspark_consumer4.py", line 1, in <module>
    import joblib
ModuleNotFoundError: No module named 'joblib'
[2024-12-16T18:38:30.942+0000] {processor.py:838} WARNING - No viable dags retrieved from /opt/airflow/dags/scripts/pyspark_consumer4.py
[2024-12-16T18:38:30.953+0000] {processor.py:179} INFO - Processing /opt/airflow/dags/scripts/pyspark_consumer4.py took 0.017 seconds
[2024-12-16T18:39:01.714+0000] {processor.py:157} INFO - Started process (PID=137) to work on /opt/airflow/dags/scripts/pyspark_consumer4.py
[2024-12-16T18:39:01.715+0000] {processor.py:826} INFO - Processing file /opt/airflow/dags/scripts/pyspark_consumer4.py for tasks to queue
[2024-12-16T18:39:01.716+0000] {logging_mixin.py:150} INFO - [2024-12-16T18:39:01.715+0000] {dagbag.py:541} INFO - Filling up the DagBag from /opt/airflow/dags/scripts/pyspark_consumer4.py
[2024-12-16T18:39:01.719+0000] {logging_mixin.py:150} INFO - [2024-12-16T18:39:01.718+0000] {dagbag.py:350} ERROR - Failed to import: /opt/airflow/dags/scripts/pyspark_consumer4.py
Traceback (most recent call last):
  File "/home/airflow/.local/lib/python3.8/site-packages/airflow/models/dagbag.py", line 346, in parse
    loader.exec_module(new_module)
  File "<frozen importlib._bootstrap_external>", line 843, in exec_module
  File "<frozen importlib._bootstrap>", line 219, in _call_with_frames_removed
  File "/opt/airflow/dags/scripts/pyspark_consumer4.py", line 1, in <module>
    import joblib
ModuleNotFoundError: No module named 'joblib'
[2024-12-16T18:39:01.719+0000] {processor.py:838} WARNING - No viable dags retrieved from /opt/airflow/dags/scripts/pyspark_consumer4.py
[2024-12-16T18:39:01.732+0000] {processor.py:179} INFO - Processing /opt/airflow/dags/scripts/pyspark_consumer4.py took 0.021 seconds
[2024-12-16T18:39:32.491+0000] {processor.py:157} INFO - Started process (PID=147) to work on /opt/airflow/dags/scripts/pyspark_consumer4.py
[2024-12-16T18:39:32.492+0000] {processor.py:826} INFO - Processing file /opt/airflow/dags/scripts/pyspark_consumer4.py for tasks to queue
[2024-12-16T18:39:32.492+0000] {logging_mixin.py:150} INFO - [2024-12-16T18:39:32.492+0000] {dagbag.py:541} INFO - Filling up the DagBag from /opt/airflow/dags/scripts/pyspark_consumer4.py
[2024-12-16T18:39:32.495+0000] {logging_mixin.py:150} INFO - [2024-12-16T18:39:32.494+0000] {dagbag.py:350} ERROR - Failed to import: /opt/airflow/dags/scripts/pyspark_consumer4.py
Traceback (most recent call last):
  File "/home/airflow/.local/lib/python3.8/site-packages/airflow/models/dagbag.py", line 346, in parse
    loader.exec_module(new_module)
  File "<frozen importlib._bootstrap_external>", line 843, in exec_module
  File "<frozen importlib._bootstrap>", line 219, in _call_with_frames_removed
  File "/opt/airflow/dags/scripts/pyspark_consumer4.py", line 1, in <module>
    import joblib
ModuleNotFoundError: No module named 'joblib'
[2024-12-16T18:39:32.495+0000] {processor.py:838} WARNING - No viable dags retrieved from /opt/airflow/dags/scripts/pyspark_consumer4.py
[2024-12-16T18:39:32.505+0000] {processor.py:179} INFO - Processing /opt/airflow/dags/scripts/pyspark_consumer4.py took 0.015 seconds
[2024-12-16T18:40:03.232+0000] {processor.py:157} INFO - Started process (PID=157) to work on /opt/airflow/dags/scripts/pyspark_consumer4.py
[2024-12-16T18:40:03.233+0000] {processor.py:826} INFO - Processing file /opt/airflow/dags/scripts/pyspark_consumer4.py for tasks to queue
[2024-12-16T18:40:03.233+0000] {logging_mixin.py:150} INFO - [2024-12-16T18:40:03.233+0000] {dagbag.py:541} INFO - Filling up the DagBag from /opt/airflow/dags/scripts/pyspark_consumer4.py
[2024-12-16T18:40:03.237+0000] {logging_mixin.py:150} INFO - [2024-12-16T18:40:03.236+0000] {dagbag.py:350} ERROR - Failed to import: /opt/airflow/dags/scripts/pyspark_consumer4.py
Traceback (most recent call last):
  File "/home/airflow/.local/lib/python3.8/site-packages/airflow/models/dagbag.py", line 346, in parse
    loader.exec_module(new_module)
  File "<frozen importlib._bootstrap_external>", line 843, in exec_module
  File "<frozen importlib._bootstrap>", line 219, in _call_with_frames_removed
  File "/opt/airflow/dags/scripts/pyspark_consumer4.py", line 1, in <module>
    import joblib
ModuleNotFoundError: No module named 'joblib'
[2024-12-16T18:40:03.237+0000] {processor.py:838} WARNING - No viable dags retrieved from /opt/airflow/dags/scripts/pyspark_consumer4.py
[2024-12-16T18:40:03.247+0000] {processor.py:179} INFO - Processing /opt/airflow/dags/scripts/pyspark_consumer4.py took 0.017 seconds
[2024-12-16T18:43:35.131+0000] {processor.py:157} INFO - Started process (PID=28) to work on /opt/airflow/dags/scripts/pyspark_consumer4.py
[2024-12-16T18:43:35.132+0000] {processor.py:826} INFO - Processing file /opt/airflow/dags/scripts/pyspark_consumer4.py for tasks to queue
[2024-12-16T18:43:35.134+0000] {logging_mixin.py:150} INFO - [2024-12-16T18:43:35.133+0000] {dagbag.py:541} INFO - Filling up the DagBag from /opt/airflow/dags/scripts/pyspark_consumer4.py
[2024-12-16T18:43:35.165+0000] {logging_mixin.py:150} INFO - [2024-12-16T18:43:35.160+0000] {dagbag.py:350} ERROR - Failed to import: /opt/airflow/dags/scripts/pyspark_consumer4.py
Traceback (most recent call last):
  File "/home/airflow/.local/lib/python3.8/site-packages/airflow/models/dagbag.py", line 346, in parse
    loader.exec_module(new_module)
  File "<frozen importlib._bootstrap_external>", line 843, in exec_module
  File "<frozen importlib._bootstrap>", line 219, in _call_with_frames_removed
  File "/opt/airflow/dags/scripts/pyspark_consumer4.py", line 1, in <module>
    import joblib
ModuleNotFoundError: No module named 'joblib'
[2024-12-16T18:43:35.166+0000] {processor.py:838} WARNING - No viable dags retrieved from /opt/airflow/dags/scripts/pyspark_consumer4.py
[2024-12-16T18:43:35.245+0000] {processor.py:179} INFO - Processing /opt/airflow/dags/scripts/pyspark_consumer4.py took 0.120 seconds
[2024-12-16T18:44:05.614+0000] {processor.py:157} INFO - Started process (PID=38) to work on /opt/airflow/dags/scripts/pyspark_consumer4.py
[2024-12-16T18:44:05.615+0000] {processor.py:826} INFO - Processing file /opt/airflow/dags/scripts/pyspark_consumer4.py for tasks to queue
[2024-12-16T18:44:05.615+0000] {logging_mixin.py:150} INFO - [2024-12-16T18:44:05.615+0000] {dagbag.py:541} INFO - Filling up the DagBag from /opt/airflow/dags/scripts/pyspark_consumer4.py
[2024-12-16T18:44:05.618+0000] {logging_mixin.py:150} INFO - [2024-12-16T18:44:05.617+0000] {dagbag.py:350} ERROR - Failed to import: /opt/airflow/dags/scripts/pyspark_consumer4.py
Traceback (most recent call last):
  File "/home/airflow/.local/lib/python3.8/site-packages/airflow/models/dagbag.py", line 346, in parse
    loader.exec_module(new_module)
  File "<frozen importlib._bootstrap_external>", line 843, in exec_module
  File "<frozen importlib._bootstrap>", line 219, in _call_with_frames_removed
  File "/opt/airflow/dags/scripts/pyspark_consumer4.py", line 1, in <module>
    import joblib
ModuleNotFoundError: No module named 'joblib'
[2024-12-16T18:44:05.618+0000] {processor.py:838} WARNING - No viable dags retrieved from /opt/airflow/dags/scripts/pyspark_consumer4.py
[2024-12-16T18:44:05.629+0000] {processor.py:179} INFO - Processing /opt/airflow/dags/scripts/pyspark_consumer4.py took 0.018 seconds
[2024-12-16T18:44:36.229+0000] {processor.py:157} INFO - Started process (PID=48) to work on /opt/airflow/dags/scripts/pyspark_consumer4.py
[2024-12-16T18:44:36.230+0000] {processor.py:826} INFO - Processing file /opt/airflow/dags/scripts/pyspark_consumer4.py for tasks to queue
[2024-12-16T18:44:36.230+0000] {logging_mixin.py:150} INFO - [2024-12-16T18:44:36.230+0000] {dagbag.py:541} INFO - Filling up the DagBag from /opt/airflow/dags/scripts/pyspark_consumer4.py
[2024-12-16T18:44:36.232+0000] {logging_mixin.py:150} INFO - [2024-12-16T18:44:36.232+0000] {dagbag.py:350} ERROR - Failed to import: /opt/airflow/dags/scripts/pyspark_consumer4.py
Traceback (most recent call last):
  File "/home/airflow/.local/lib/python3.8/site-packages/airflow/models/dagbag.py", line 346, in parse
    loader.exec_module(new_module)
  File "<frozen importlib._bootstrap_external>", line 843, in exec_module
  File "<frozen importlib._bootstrap>", line 219, in _call_with_frames_removed
  File "/opt/airflow/dags/scripts/pyspark_consumer4.py", line 1, in <module>
    import joblib
ModuleNotFoundError: No module named 'joblib'
[2024-12-16T18:44:36.233+0000] {processor.py:838} WARNING - No viable dags retrieved from /opt/airflow/dags/scripts/pyspark_consumer4.py
[2024-12-16T18:44:36.242+0000] {processor.py:179} INFO - Processing /opt/airflow/dags/scripts/pyspark_consumer4.py took 0.014 seconds
[2024-12-16T18:45:53.483+0000] {processor.py:157} INFO - Started process (PID=28) to work on /opt/airflow/dags/scripts/pyspark_consumer4.py
[2024-12-16T18:45:53.484+0000] {processor.py:826} INFO - Processing file /opt/airflow/dags/scripts/pyspark_consumer4.py for tasks to queue
[2024-12-16T18:45:53.485+0000] {logging_mixin.py:150} INFO - [2024-12-16T18:45:53.484+0000] {dagbag.py:541} INFO - Filling up the DagBag from /opt/airflow/dags/scripts/pyspark_consumer4.py
[2024-12-16T18:45:53.492+0000] {logging_mixin.py:150} INFO - [2024-12-16T18:45:53.489+0000] {dagbag.py:350} ERROR - Failed to import: /opt/airflow/dags/scripts/pyspark_consumer4.py
Traceback (most recent call last):
  File "/home/airflow/.local/lib/python3.8/site-packages/airflow/models/dagbag.py", line 346, in parse
    loader.exec_module(new_module)
  File "<frozen importlib._bootstrap_external>", line 843, in exec_module
  File "<frozen importlib._bootstrap>", line 219, in _call_with_frames_removed
  File "/opt/airflow/dags/scripts/pyspark_consumer4.py", line 1, in <module>
    import joblib
ModuleNotFoundError: No module named 'joblib'
[2024-12-16T18:45:53.492+0000] {processor.py:838} WARNING - No viable dags retrieved from /opt/airflow/dags/scripts/pyspark_consumer4.py
[2024-12-16T18:45:53.524+0000] {processor.py:179} INFO - Processing /opt/airflow/dags/scripts/pyspark_consumer4.py took 0.049 seconds
[2024-12-16T18:46:35.717+0000] {processor.py:157} INFO - Started process (PID=28) to work on /opt/airflow/dags/scripts/pyspark_consumer4.py
[2024-12-16T18:46:35.718+0000] {processor.py:826} INFO - Processing file /opt/airflow/dags/scripts/pyspark_consumer4.py for tasks to queue
[2024-12-16T18:46:35.718+0000] {logging_mixin.py:150} INFO - [2024-12-16T18:46:35.718+0000] {dagbag.py:541} INFO - Filling up the DagBag from /opt/airflow/dags/scripts/pyspark_consumer4.py
[2024-12-16T18:46:35.726+0000] {logging_mixin.py:150} INFO - [2024-12-16T18:46:35.724+0000] {dagbag.py:350} ERROR - Failed to import: /opt/airflow/dags/scripts/pyspark_consumer4.py
Traceback (most recent call last):
  File "/home/airflow/.local/lib/python3.8/site-packages/airflow/models/dagbag.py", line 346, in parse
    loader.exec_module(new_module)
  File "<frozen importlib._bootstrap_external>", line 843, in exec_module
  File "<frozen importlib._bootstrap>", line 219, in _call_with_frames_removed
  File "/opt/airflow/dags/scripts/pyspark_consumer4.py", line 1, in <module>
    import joblib
ModuleNotFoundError: No module named 'joblib'
[2024-12-16T18:46:35.727+0000] {processor.py:838} WARNING - No viable dags retrieved from /opt/airflow/dags/scripts/pyspark_consumer4.py
[2024-12-16T18:46:35.738+0000] {processor.py:179} INFO - Processing /opt/airflow/dags/scripts/pyspark_consumer4.py took 0.025 seconds
[2024-12-16T18:47:06.012+0000] {processor.py:157} INFO - Started process (PID=38) to work on /opt/airflow/dags/scripts/pyspark_consumer4.py
[2024-12-16T18:47:06.013+0000] {processor.py:826} INFO - Processing file /opt/airflow/dags/scripts/pyspark_consumer4.py for tasks to queue
[2024-12-16T18:47:06.013+0000] {logging_mixin.py:150} INFO - [2024-12-16T18:47:06.013+0000] {dagbag.py:541} INFO - Filling up the DagBag from /opt/airflow/dags/scripts/pyspark_consumer4.py
[2024-12-16T18:47:06.015+0000] {logging_mixin.py:150} INFO - [2024-12-16T18:47:06.015+0000] {dagbag.py:350} ERROR - Failed to import: /opt/airflow/dags/scripts/pyspark_consumer4.py
Traceback (most recent call last):
  File "/home/airflow/.local/lib/python3.8/site-packages/airflow/models/dagbag.py", line 346, in parse
    loader.exec_module(new_module)
  File "<frozen importlib._bootstrap_external>", line 843, in exec_module
  File "<frozen importlib._bootstrap>", line 219, in _call_with_frames_removed
  File "/opt/airflow/dags/scripts/pyspark_consumer4.py", line 1, in <module>
    import joblib
ModuleNotFoundError: No module named 'joblib'
[2024-12-16T18:47:06.016+0000] {processor.py:838} WARNING - No viable dags retrieved from /opt/airflow/dags/scripts/pyspark_consumer4.py
[2024-12-16T18:47:06.025+0000] {processor.py:179} INFO - Processing /opt/airflow/dags/scripts/pyspark_consumer4.py took 0.015 seconds
[2024-12-16T18:47:36.629+0000] {processor.py:157} INFO - Started process (PID=48) to work on /opt/airflow/dags/scripts/pyspark_consumer4.py
[2024-12-16T18:47:36.630+0000] {processor.py:826} INFO - Processing file /opt/airflow/dags/scripts/pyspark_consumer4.py for tasks to queue
[2024-12-16T18:47:36.631+0000] {logging_mixin.py:150} INFO - [2024-12-16T18:47:36.631+0000] {dagbag.py:541} INFO - Filling up the DagBag from /opt/airflow/dags/scripts/pyspark_consumer4.py
[2024-12-16T18:47:36.639+0000] {logging_mixin.py:150} INFO - [2024-12-16T18:47:36.635+0000] {dagbag.py:350} ERROR - Failed to import: /opt/airflow/dags/scripts/pyspark_consumer4.py
Traceback (most recent call last):
  File "/home/airflow/.local/lib/python3.8/site-packages/airflow/models/dagbag.py", line 346, in parse
    loader.exec_module(new_module)
  File "<frozen importlib._bootstrap_external>", line 843, in exec_module
  File "<frozen importlib._bootstrap>", line 219, in _call_with_frames_removed
  File "/opt/airflow/dags/scripts/pyspark_consumer4.py", line 1, in <module>
    import joblib
ModuleNotFoundError: No module named 'joblib'
[2024-12-16T18:47:36.643+0000] {processor.py:838} WARNING - No viable dags retrieved from /opt/airflow/dags/scripts/pyspark_consumer4.py
[2024-12-16T18:47:36.671+0000] {processor.py:179} INFO - Processing /opt/airflow/dags/scripts/pyspark_consumer4.py took 0.047 seconds
[2024-12-16T18:48:07.648+0000] {processor.py:157} INFO - Started process (PID=58) to work on /opt/airflow/dags/scripts/pyspark_consumer4.py
[2024-12-16T18:48:07.649+0000] {processor.py:826} INFO - Processing file /opt/airflow/dags/scripts/pyspark_consumer4.py for tasks to queue
[2024-12-16T18:48:07.649+0000] {logging_mixin.py:150} INFO - [2024-12-16T18:48:07.649+0000] {dagbag.py:541} INFO - Filling up the DagBag from /opt/airflow/dags/scripts/pyspark_consumer4.py
[2024-12-16T18:48:07.652+0000] {logging_mixin.py:150} INFO - [2024-12-16T18:48:07.652+0000] {dagbag.py:350} ERROR - Failed to import: /opt/airflow/dags/scripts/pyspark_consumer4.py
Traceback (most recent call last):
  File "/home/airflow/.local/lib/python3.8/site-packages/airflow/models/dagbag.py", line 346, in parse
    loader.exec_module(new_module)
  File "<frozen importlib._bootstrap_external>", line 843, in exec_module
  File "<frozen importlib._bootstrap>", line 219, in _call_with_frames_removed
  File "/opt/airflow/dags/scripts/pyspark_consumer4.py", line 1, in <module>
    import joblib
ModuleNotFoundError: No module named 'joblib'
[2024-12-16T18:48:07.652+0000] {processor.py:838} WARNING - No viable dags retrieved from /opt/airflow/dags/scripts/pyspark_consumer4.py
[2024-12-16T18:48:07.661+0000] {processor.py:179} INFO - Processing /opt/airflow/dags/scripts/pyspark_consumer4.py took 0.015 seconds
[2024-12-16T18:48:38.390+0000] {processor.py:157} INFO - Started process (PID=68) to work on /opt/airflow/dags/scripts/pyspark_consumer4.py
[2024-12-16T18:48:38.391+0000] {processor.py:826} INFO - Processing file /opt/airflow/dags/scripts/pyspark_consumer4.py for tasks to queue
[2024-12-16T18:48:38.392+0000] {logging_mixin.py:150} INFO - [2024-12-16T18:48:38.391+0000] {dagbag.py:541} INFO - Filling up the DagBag from /opt/airflow/dags/scripts/pyspark_consumer4.py
[2024-12-16T18:48:38.395+0000] {logging_mixin.py:150} INFO - [2024-12-16T18:48:38.394+0000] {dagbag.py:350} ERROR - Failed to import: /opt/airflow/dags/scripts/pyspark_consumer4.py
Traceback (most recent call last):
  File "/home/airflow/.local/lib/python3.8/site-packages/airflow/models/dagbag.py", line 346, in parse
    loader.exec_module(new_module)
  File "<frozen importlib._bootstrap_external>", line 843, in exec_module
  File "<frozen importlib._bootstrap>", line 219, in _call_with_frames_removed
  File "/opt/airflow/dags/scripts/pyspark_consumer4.py", line 1, in <module>
    import joblib
ModuleNotFoundError: No module named 'joblib'
[2024-12-16T18:48:38.395+0000] {processor.py:838} WARNING - No viable dags retrieved from /opt/airflow/dags/scripts/pyspark_consumer4.py
[2024-12-16T18:48:38.408+0000] {processor.py:179} INFO - Processing /opt/airflow/dags/scripts/pyspark_consumer4.py took 0.020 seconds
[2024-12-16T18:49:08.895+0000] {processor.py:157} INFO - Started process (PID=78) to work on /opt/airflow/dags/scripts/pyspark_consumer4.py
[2024-12-16T18:49:08.896+0000] {processor.py:826} INFO - Processing file /opt/airflow/dags/scripts/pyspark_consumer4.py for tasks to queue
[2024-12-16T18:49:08.896+0000] {logging_mixin.py:150} INFO - [2024-12-16T18:49:08.896+0000] {dagbag.py:541} INFO - Filling up the DagBag from /opt/airflow/dags/scripts/pyspark_consumer4.py
[2024-12-16T18:49:08.900+0000] {logging_mixin.py:150} INFO - [2024-12-16T18:49:08.899+0000] {dagbag.py:350} ERROR - Failed to import: /opt/airflow/dags/scripts/pyspark_consumer4.py
Traceback (most recent call last):
  File "/home/airflow/.local/lib/python3.8/site-packages/airflow/models/dagbag.py", line 346, in parse
    loader.exec_module(new_module)
  File "<frozen importlib._bootstrap_external>", line 843, in exec_module
  File "<frozen importlib._bootstrap>", line 219, in _call_with_frames_removed
  File "/opt/airflow/dags/scripts/pyspark_consumer4.py", line 1, in <module>
    import joblib
ModuleNotFoundError: No module named 'joblib'
[2024-12-16T18:49:08.900+0000] {processor.py:838} WARNING - No viable dags retrieved from /opt/airflow/dags/scripts/pyspark_consumer4.py
[2024-12-16T18:49:08.914+0000] {processor.py:179} INFO - Processing /opt/airflow/dags/scripts/pyspark_consumer4.py took 0.021 seconds
[2024-12-16T18:49:39.910+0000] {processor.py:157} INFO - Started process (PID=88) to work on /opt/airflow/dags/scripts/pyspark_consumer4.py
[2024-12-16T18:49:39.911+0000] {processor.py:826} INFO - Processing file /opt/airflow/dags/scripts/pyspark_consumer4.py for tasks to queue
[2024-12-16T18:49:39.911+0000] {logging_mixin.py:150} INFO - [2024-12-16T18:49:39.911+0000] {dagbag.py:541} INFO - Filling up the DagBag from /opt/airflow/dags/scripts/pyspark_consumer4.py
[2024-12-16T18:49:39.915+0000] {logging_mixin.py:150} INFO - [2024-12-16T18:49:39.914+0000] {dagbag.py:350} ERROR - Failed to import: /opt/airflow/dags/scripts/pyspark_consumer4.py
Traceback (most recent call last):
  File "/home/airflow/.local/lib/python3.8/site-packages/airflow/models/dagbag.py", line 346, in parse
    loader.exec_module(new_module)
  File "<frozen importlib._bootstrap_external>", line 843, in exec_module
  File "<frozen importlib._bootstrap>", line 219, in _call_with_frames_removed
  File "/opt/airflow/dags/scripts/pyspark_consumer4.py", line 1, in <module>
    import joblib
ModuleNotFoundError: No module named 'joblib'
[2024-12-16T18:49:39.915+0000] {processor.py:838} WARNING - No viable dags retrieved from /opt/airflow/dags/scripts/pyspark_consumer4.py
[2024-12-16T18:49:39.928+0000] {processor.py:179} INFO - Processing /opt/airflow/dags/scripts/pyspark_consumer4.py took 0.020 seconds
