[2024-12-16T18:31:38.214+0000] {processor.py:157} INFO - Started process (PID=27) to work on /opt/airflow/dags/scripts/pyspark_consumer3.py
[2024-12-16T18:31:38.229+0000] {processor.py:826} INFO - Processing file /opt/airflow/dags/scripts/pyspark_consumer3.py for tasks to queue
[2024-12-16T18:31:38.233+0000] {logging_mixin.py:150} INFO - [2024-12-16T18:31:38.233+0000] {dagbag.py:541} INFO - Filling up the DagBag from /opt/airflow/dags/scripts/pyspark_consumer3.py
[2024-12-16T18:31:38.253+0000] {logging_mixin.py:150} INFO - [2024-12-16T18:31:38.246+0000] {dagbag.py:350} ERROR - Failed to import: /opt/airflow/dags/scripts/pyspark_consumer3.py
Traceback (most recent call last):
  File "/home/airflow/.local/lib/python3.8/site-packages/airflow/models/dagbag.py", line 346, in parse
    loader.exec_module(new_module)
  File "<frozen importlib._bootstrap_external>", line 843, in exec_module
  File "<frozen importlib._bootstrap>", line 219, in _call_with_frames_removed
  File "/opt/airflow/dags/scripts/pyspark_consumer3.py", line 1, in <module>
    import joblib
ModuleNotFoundError: No module named 'joblib'
[2024-12-16T18:31:38.254+0000] {processor.py:838} WARNING - No viable dags retrieved from /opt/airflow/dags/scripts/pyspark_consumer3.py
[2024-12-16T18:31:38.324+0000] {processor.py:179} INFO - Processing /opt/airflow/dags/scripts/pyspark_consumer3.py took 0.140 seconds
[2024-12-16T18:32:09.174+0000] {processor.py:157} INFO - Started process (PID=37) to work on /opt/airflow/dags/scripts/pyspark_consumer3.py
[2024-12-16T18:32:09.177+0000] {processor.py:826} INFO - Processing file /opt/airflow/dags/scripts/pyspark_consumer3.py for tasks to queue
[2024-12-16T18:32:09.181+0000] {logging_mixin.py:150} INFO - [2024-12-16T18:32:09.179+0000] {dagbag.py:541} INFO - Filling up the DagBag from /opt/airflow/dags/scripts/pyspark_consumer3.py
[2024-12-16T18:32:09.193+0000] {logging_mixin.py:150} INFO - [2024-12-16T18:32:09.191+0000] {dagbag.py:350} ERROR - Failed to import: /opt/airflow/dags/scripts/pyspark_consumer3.py
Traceback (most recent call last):
  File "/home/airflow/.local/lib/python3.8/site-packages/airflow/models/dagbag.py", line 346, in parse
    loader.exec_module(new_module)
  File "<frozen importlib._bootstrap_external>", line 843, in exec_module
  File "<frozen importlib._bootstrap>", line 219, in _call_with_frames_removed
  File "/opt/airflow/dags/scripts/pyspark_consumer3.py", line 1, in <module>
    import joblib
ModuleNotFoundError: No module named 'joblib'
[2024-12-16T18:32:09.194+0000] {processor.py:838} WARNING - No viable dags retrieved from /opt/airflow/dags/scripts/pyspark_consumer3.py
[2024-12-16T18:32:09.237+0000] {processor.py:179} INFO - Processing /opt/airflow/dags/scripts/pyspark_consumer3.py took 0.076 seconds
[2024-12-16T18:33:22.683+0000] {processor.py:157} INFO - Started process (PID=26) to work on /opt/airflow/dags/scripts/pyspark_consumer3.py
[2024-12-16T18:33:22.688+0000] {processor.py:826} INFO - Processing file /opt/airflow/dags/scripts/pyspark_consumer3.py for tasks to queue
[2024-12-16T18:33:22.689+0000] {logging_mixin.py:150} INFO - [2024-12-16T18:33:22.688+0000] {dagbag.py:541} INFO - Filling up the DagBag from /opt/airflow/dags/scripts/pyspark_consumer3.py
[2024-12-16T18:33:22.731+0000] {logging_mixin.py:150} INFO - [2024-12-16T18:33:22.704+0000] {dagbag.py:350} ERROR - Failed to import: /opt/airflow/dags/scripts/pyspark_consumer3.py
Traceback (most recent call last):
  File "/home/airflow/.local/lib/python3.8/site-packages/airflow/models/dagbag.py", line 346, in parse
    loader.exec_module(new_module)
  File "<frozen importlib._bootstrap_external>", line 843, in exec_module
  File "<frozen importlib._bootstrap>", line 219, in _call_with_frames_removed
  File "/opt/airflow/dags/scripts/pyspark_consumer3.py", line 1, in <module>
    import joblib
ModuleNotFoundError: No module named 'joblib'
[2024-12-16T18:33:22.789+0000] {processor.py:838} WARNING - No viable dags retrieved from /opt/airflow/dags/scripts/pyspark_consumer3.py
[2024-12-16T18:33:22.928+0000] {processor.py:179} INFO - Processing /opt/airflow/dags/scripts/pyspark_consumer3.py took 0.269 seconds
[2024-12-16T18:33:53.784+0000] {processor.py:157} INFO - Started process (PID=36) to work on /opt/airflow/dags/scripts/pyspark_consumer3.py
[2024-12-16T18:33:53.785+0000] {processor.py:826} INFO - Processing file /opt/airflow/dags/scripts/pyspark_consumer3.py for tasks to queue
[2024-12-16T18:33:53.787+0000] {logging_mixin.py:150} INFO - [2024-12-16T18:33:53.787+0000] {dagbag.py:541} INFO - Filling up the DagBag from /opt/airflow/dags/scripts/pyspark_consumer3.py
[2024-12-16T18:33:53.799+0000] {logging_mixin.py:150} INFO - [2024-12-16T18:33:53.798+0000] {dagbag.py:350} ERROR - Failed to import: /opt/airflow/dags/scripts/pyspark_consumer3.py
Traceback (most recent call last):
  File "/home/airflow/.local/lib/python3.8/site-packages/airflow/models/dagbag.py", line 346, in parse
    loader.exec_module(new_module)
  File "<frozen importlib._bootstrap_external>", line 843, in exec_module
  File "<frozen importlib._bootstrap>", line 219, in _call_with_frames_removed
  File "/opt/airflow/dags/scripts/pyspark_consumer3.py", line 1, in <module>
    import joblib
ModuleNotFoundError: No module named 'joblib'
[2024-12-16T18:33:53.801+0000] {processor.py:838} WARNING - No viable dags retrieved from /opt/airflow/dags/scripts/pyspark_consumer3.py
[2024-12-16T18:33:53.828+0000] {processor.py:179} INFO - Processing /opt/airflow/dags/scripts/pyspark_consumer3.py took 0.051 seconds
[2024-12-16T18:34:24.375+0000] {processor.py:157} INFO - Started process (PID=46) to work on /opt/airflow/dags/scripts/pyspark_consumer3.py
[2024-12-16T18:34:24.375+0000] {processor.py:826} INFO - Processing file /opt/airflow/dags/scripts/pyspark_consumer3.py for tasks to queue
[2024-12-16T18:34:24.377+0000] {logging_mixin.py:150} INFO - [2024-12-16T18:34:24.377+0000] {dagbag.py:541} INFO - Filling up the DagBag from /opt/airflow/dags/scripts/pyspark_consumer3.py
[2024-12-16T18:34:24.386+0000] {logging_mixin.py:150} INFO - [2024-12-16T18:34:24.384+0000] {dagbag.py:350} ERROR - Failed to import: /opt/airflow/dags/scripts/pyspark_consumer3.py
Traceback (most recent call last):
  File "/home/airflow/.local/lib/python3.8/site-packages/airflow/models/dagbag.py", line 346, in parse
    loader.exec_module(new_module)
  File "<frozen importlib._bootstrap_external>", line 843, in exec_module
  File "<frozen importlib._bootstrap>", line 219, in _call_with_frames_removed
  File "/opt/airflow/dags/scripts/pyspark_consumer3.py", line 1, in <module>
    import joblib
ModuleNotFoundError: No module named 'joblib'
[2024-12-16T18:34:24.386+0000] {processor.py:838} WARNING - No viable dags retrieved from /opt/airflow/dags/scripts/pyspark_consumer3.py
[2024-12-16T18:34:24.410+0000] {processor.py:179} INFO - Processing /opt/airflow/dags/scripts/pyspark_consumer3.py took 0.038 seconds
[2024-12-16T18:34:55.116+0000] {processor.py:157} INFO - Started process (PID=56) to work on /opt/airflow/dags/scripts/pyspark_consumer3.py
[2024-12-16T18:34:55.117+0000] {processor.py:826} INFO - Processing file /opt/airflow/dags/scripts/pyspark_consumer3.py for tasks to queue
[2024-12-16T18:34:55.118+0000] {logging_mixin.py:150} INFO - [2024-12-16T18:34:55.118+0000] {dagbag.py:541} INFO - Filling up the DagBag from /opt/airflow/dags/scripts/pyspark_consumer3.py
[2024-12-16T18:34:55.125+0000] {logging_mixin.py:150} INFO - [2024-12-16T18:34:55.124+0000] {dagbag.py:350} ERROR - Failed to import: /opt/airflow/dags/scripts/pyspark_consumer3.py
Traceback (most recent call last):
  File "/home/airflow/.local/lib/python3.8/site-packages/airflow/models/dagbag.py", line 346, in parse
    loader.exec_module(new_module)
  File "<frozen importlib._bootstrap_external>", line 843, in exec_module
  File "<frozen importlib._bootstrap>", line 219, in _call_with_frames_removed
  File "/opt/airflow/dags/scripts/pyspark_consumer3.py", line 1, in <module>
    import joblib
ModuleNotFoundError: No module named 'joblib'
[2024-12-16T18:34:55.129+0000] {processor.py:838} WARNING - No viable dags retrieved from /opt/airflow/dags/scripts/pyspark_consumer3.py
[2024-12-16T18:34:55.159+0000] {processor.py:179} INFO - Processing /opt/airflow/dags/scripts/pyspark_consumer3.py took 0.047 seconds
[2024-12-16T18:35:25.836+0000] {processor.py:157} INFO - Started process (PID=66) to work on /opt/airflow/dags/scripts/pyspark_consumer3.py
[2024-12-16T18:35:25.838+0000] {processor.py:826} INFO - Processing file /opt/airflow/dags/scripts/pyspark_consumer3.py for tasks to queue
[2024-12-16T18:35:25.840+0000] {logging_mixin.py:150} INFO - [2024-12-16T18:35:25.840+0000] {dagbag.py:541} INFO - Filling up the DagBag from /opt/airflow/dags/scripts/pyspark_consumer3.py
[2024-12-16T18:35:25.853+0000] {logging_mixin.py:150} INFO - [2024-12-16T18:35:25.850+0000] {dagbag.py:350} ERROR - Failed to import: /opt/airflow/dags/scripts/pyspark_consumer3.py
Traceback (most recent call last):
  File "/home/airflow/.local/lib/python3.8/site-packages/airflow/models/dagbag.py", line 346, in parse
    loader.exec_module(new_module)
  File "<frozen importlib._bootstrap_external>", line 843, in exec_module
  File "<frozen importlib._bootstrap>", line 219, in _call_with_frames_removed
  File "/opt/airflow/dags/scripts/pyspark_consumer3.py", line 1, in <module>
    import joblib
ModuleNotFoundError: No module named 'joblib'
[2024-12-16T18:35:25.853+0000] {processor.py:838} WARNING - No viable dags retrieved from /opt/airflow/dags/scripts/pyspark_consumer3.py
[2024-12-16T18:35:25.877+0000] {processor.py:179} INFO - Processing /opt/airflow/dags/scripts/pyspark_consumer3.py took 0.046 seconds
[2024-12-16T18:35:56.599+0000] {processor.py:157} INFO - Started process (PID=76) to work on /opt/airflow/dags/scripts/pyspark_consumer3.py
[2024-12-16T18:35:56.601+0000] {processor.py:826} INFO - Processing file /opt/airflow/dags/scripts/pyspark_consumer3.py for tasks to queue
[2024-12-16T18:35:56.603+0000] {logging_mixin.py:150} INFO - [2024-12-16T18:35:56.603+0000] {dagbag.py:541} INFO - Filling up the DagBag from /opt/airflow/dags/scripts/pyspark_consumer3.py
[2024-12-16T18:35:56.613+0000] {logging_mixin.py:150} INFO - [2024-12-16T18:35:56.611+0000] {dagbag.py:350} ERROR - Failed to import: /opt/airflow/dags/scripts/pyspark_consumer3.py
Traceback (most recent call last):
  File "/home/airflow/.local/lib/python3.8/site-packages/airflow/models/dagbag.py", line 346, in parse
    loader.exec_module(new_module)
  File "<frozen importlib._bootstrap_external>", line 843, in exec_module
  File "<frozen importlib._bootstrap>", line 219, in _call_with_frames_removed
  File "/opt/airflow/dags/scripts/pyspark_consumer3.py", line 1, in <module>
    import joblib
ModuleNotFoundError: No module named 'joblib'
[2024-12-16T18:35:56.615+0000] {processor.py:838} WARNING - No viable dags retrieved from /opt/airflow/dags/scripts/pyspark_consumer3.py
[2024-12-16T18:35:56.640+0000] {processor.py:179} INFO - Processing /opt/airflow/dags/scripts/pyspark_consumer3.py took 0.049 seconds
[2024-12-16T18:36:27.480+0000] {processor.py:157} INFO - Started process (PID=86) to work on /opt/airflow/dags/scripts/pyspark_consumer3.py
[2024-12-16T18:36:27.481+0000] {processor.py:826} INFO - Processing file /opt/airflow/dags/scripts/pyspark_consumer3.py for tasks to queue
[2024-12-16T18:36:27.482+0000] {logging_mixin.py:150} INFO - [2024-12-16T18:36:27.482+0000] {dagbag.py:541} INFO - Filling up the DagBag from /opt/airflow/dags/scripts/pyspark_consumer3.py
[2024-12-16T18:36:27.494+0000] {logging_mixin.py:150} INFO - [2024-12-16T18:36:27.492+0000] {dagbag.py:350} ERROR - Failed to import: /opt/airflow/dags/scripts/pyspark_consumer3.py
Traceback (most recent call last):
  File "/home/airflow/.local/lib/python3.8/site-packages/airflow/models/dagbag.py", line 346, in parse
    loader.exec_module(new_module)
  File "<frozen importlib._bootstrap_external>", line 843, in exec_module
  File "<frozen importlib._bootstrap>", line 219, in _call_with_frames_removed
  File "/opt/airflow/dags/scripts/pyspark_consumer3.py", line 1, in <module>
    import joblib
ModuleNotFoundError: No module named 'joblib'
[2024-12-16T18:36:27.496+0000] {processor.py:838} WARNING - No viable dags retrieved from /opt/airflow/dags/scripts/pyspark_consumer3.py
[2024-12-16T18:36:27.517+0000] {processor.py:179} INFO - Processing /opt/airflow/dags/scripts/pyspark_consumer3.py took 0.043 seconds
[2024-12-16T18:36:58.204+0000] {processor.py:157} INFO - Started process (PID=96) to work on /opt/airflow/dags/scripts/pyspark_consumer3.py
[2024-12-16T18:36:58.206+0000] {processor.py:826} INFO - Processing file /opt/airflow/dags/scripts/pyspark_consumer3.py for tasks to queue
[2024-12-16T18:36:58.207+0000] {logging_mixin.py:150} INFO - [2024-12-16T18:36:58.207+0000] {dagbag.py:541} INFO - Filling up the DagBag from /opt/airflow/dags/scripts/pyspark_consumer3.py
[2024-12-16T18:36:58.214+0000] {logging_mixin.py:150} INFO - [2024-12-16T18:36:58.213+0000] {dagbag.py:350} ERROR - Failed to import: /opt/airflow/dags/scripts/pyspark_consumer3.py
Traceback (most recent call last):
  File "/home/airflow/.local/lib/python3.8/site-packages/airflow/models/dagbag.py", line 346, in parse
    loader.exec_module(new_module)
  File "<frozen importlib._bootstrap_external>", line 843, in exec_module
  File "<frozen importlib._bootstrap>", line 219, in _call_with_frames_removed
  File "/opt/airflow/dags/scripts/pyspark_consumer3.py", line 1, in <module>
    import joblib
ModuleNotFoundError: No module named 'joblib'
[2024-12-16T18:36:58.214+0000] {processor.py:838} WARNING - No viable dags retrieved from /opt/airflow/dags/scripts/pyspark_consumer3.py
[2024-12-16T18:36:58.235+0000] {processor.py:179} INFO - Processing /opt/airflow/dags/scripts/pyspark_consumer3.py took 0.034 seconds
[2024-12-16T18:37:28.971+0000] {processor.py:157} INFO - Started process (PID=106) to work on /opt/airflow/dags/scripts/pyspark_consumer3.py
[2024-12-16T18:37:28.973+0000] {processor.py:826} INFO - Processing file /opt/airflow/dags/scripts/pyspark_consumer3.py for tasks to queue
[2024-12-16T18:37:28.975+0000] {logging_mixin.py:150} INFO - [2024-12-16T18:37:28.974+0000] {dagbag.py:541} INFO - Filling up the DagBag from /opt/airflow/dags/scripts/pyspark_consumer3.py
[2024-12-16T18:37:28.985+0000] {logging_mixin.py:150} INFO - [2024-12-16T18:37:28.984+0000] {dagbag.py:350} ERROR - Failed to import: /opt/airflow/dags/scripts/pyspark_consumer3.py
Traceback (most recent call last):
  File "/home/airflow/.local/lib/python3.8/site-packages/airflow/models/dagbag.py", line 346, in parse
    loader.exec_module(new_module)
  File "<frozen importlib._bootstrap_external>", line 843, in exec_module
  File "<frozen importlib._bootstrap>", line 219, in _call_with_frames_removed
  File "/opt/airflow/dags/scripts/pyspark_consumer3.py", line 1, in <module>
    import joblib
ModuleNotFoundError: No module named 'joblib'
[2024-12-16T18:37:28.986+0000] {processor.py:838} WARNING - No viable dags retrieved from /opt/airflow/dags/scripts/pyspark_consumer3.py
[2024-12-16T18:37:29.023+0000] {processor.py:179} INFO - Processing /opt/airflow/dags/scripts/pyspark_consumer3.py took 0.064 seconds
[2024-12-16T18:38:00.004+0000] {processor.py:157} INFO - Started process (PID=116) to work on /opt/airflow/dags/scripts/pyspark_consumer3.py
[2024-12-16T18:38:00.009+0000] {processor.py:826} INFO - Processing file /opt/airflow/dags/scripts/pyspark_consumer3.py for tasks to queue
[2024-12-16T18:38:00.012+0000] {logging_mixin.py:150} INFO - [2024-12-16T18:38:00.011+0000] {dagbag.py:541} INFO - Filling up the DagBag from /opt/airflow/dags/scripts/pyspark_consumer3.py
[2024-12-16T18:38:00.024+0000] {logging_mixin.py:150} INFO - [2024-12-16T18:38:00.022+0000] {dagbag.py:350} ERROR - Failed to import: /opt/airflow/dags/scripts/pyspark_consumer3.py
Traceback (most recent call last):
  File "/home/airflow/.local/lib/python3.8/site-packages/airflow/models/dagbag.py", line 346, in parse
    loader.exec_module(new_module)
  File "<frozen importlib._bootstrap_external>", line 843, in exec_module
  File "<frozen importlib._bootstrap>", line 219, in _call_with_frames_removed
  File "/opt/airflow/dags/scripts/pyspark_consumer3.py", line 1, in <module>
    import joblib
ModuleNotFoundError: No module named 'joblib'
[2024-12-16T18:38:00.027+0000] {processor.py:838} WARNING - No viable dags retrieved from /opt/airflow/dags/scripts/pyspark_consumer3.py
[2024-12-16T18:38:00.070+0000] {processor.py:179} INFO - Processing /opt/airflow/dags/scripts/pyspark_consumer3.py took 0.077 seconds
[2024-12-16T18:38:30.871+0000] {processor.py:157} INFO - Started process (PID=126) to work on /opt/airflow/dags/scripts/pyspark_consumer3.py
[2024-12-16T18:38:30.874+0000] {processor.py:826} INFO - Processing file /opt/airflow/dags/scripts/pyspark_consumer3.py for tasks to queue
[2024-12-16T18:38:30.876+0000] {logging_mixin.py:150} INFO - [2024-12-16T18:38:30.876+0000] {dagbag.py:541} INFO - Filling up the DagBag from /opt/airflow/dags/scripts/pyspark_consumer3.py
[2024-12-16T18:38:30.895+0000] {logging_mixin.py:150} INFO - [2024-12-16T18:38:30.894+0000] {dagbag.py:350} ERROR - Failed to import: /opt/airflow/dags/scripts/pyspark_consumer3.py
Traceback (most recent call last):
  File "/home/airflow/.local/lib/python3.8/site-packages/airflow/models/dagbag.py", line 346, in parse
    loader.exec_module(new_module)
  File "<frozen importlib._bootstrap_external>", line 843, in exec_module
  File "<frozen importlib._bootstrap>", line 219, in _call_with_frames_removed
  File "/opt/airflow/dags/scripts/pyspark_consumer3.py", line 1, in <module>
    import joblib
ModuleNotFoundError: No module named 'joblib'
[2024-12-16T18:38:30.895+0000] {processor.py:838} WARNING - No viable dags retrieved from /opt/airflow/dags/scripts/pyspark_consumer3.py
[2024-12-16T18:38:30.929+0000] {processor.py:179} INFO - Processing /opt/airflow/dags/scripts/pyspark_consumer3.py took 0.062 seconds
[2024-12-16T18:39:01.637+0000] {processor.py:157} INFO - Started process (PID=136) to work on /opt/airflow/dags/scripts/pyspark_consumer3.py
[2024-12-16T18:39:01.638+0000] {processor.py:826} INFO - Processing file /opt/airflow/dags/scripts/pyspark_consumer3.py for tasks to queue
[2024-12-16T18:39:01.639+0000] {logging_mixin.py:150} INFO - [2024-12-16T18:39:01.639+0000] {dagbag.py:541} INFO - Filling up the DagBag from /opt/airflow/dags/scripts/pyspark_consumer3.py
[2024-12-16T18:39:01.648+0000] {logging_mixin.py:150} INFO - [2024-12-16T18:39:01.645+0000] {dagbag.py:350} ERROR - Failed to import: /opt/airflow/dags/scripts/pyspark_consumer3.py
Traceback (most recent call last):
  File "/home/airflow/.local/lib/python3.8/site-packages/airflow/models/dagbag.py", line 346, in parse
    loader.exec_module(new_module)
  File "<frozen importlib._bootstrap_external>", line 843, in exec_module
  File "<frozen importlib._bootstrap>", line 219, in _call_with_frames_removed
  File "/opt/airflow/dags/scripts/pyspark_consumer3.py", line 1, in <module>
    import joblib
ModuleNotFoundError: No module named 'joblib'
[2024-12-16T18:39:01.649+0000] {processor.py:838} WARNING - No viable dags retrieved from /opt/airflow/dags/scripts/pyspark_consumer3.py
[2024-12-16T18:39:01.696+0000] {processor.py:179} INFO - Processing /opt/airflow/dags/scripts/pyspark_consumer3.py took 0.064 seconds
[2024-12-16T18:39:32.421+0000] {processor.py:157} INFO - Started process (PID=146) to work on /opt/airflow/dags/scripts/pyspark_consumer3.py
[2024-12-16T18:39:32.423+0000] {processor.py:826} INFO - Processing file /opt/airflow/dags/scripts/pyspark_consumer3.py for tasks to queue
[2024-12-16T18:39:32.425+0000] {logging_mixin.py:150} INFO - [2024-12-16T18:39:32.425+0000] {dagbag.py:541} INFO - Filling up the DagBag from /opt/airflow/dags/scripts/pyspark_consumer3.py
[2024-12-16T18:39:32.441+0000] {logging_mixin.py:150} INFO - [2024-12-16T18:39:32.437+0000] {dagbag.py:350} ERROR - Failed to import: /opt/airflow/dags/scripts/pyspark_consumer3.py
Traceback (most recent call last):
  File "/home/airflow/.local/lib/python3.8/site-packages/airflow/models/dagbag.py", line 346, in parse
    loader.exec_module(new_module)
  File "<frozen importlib._bootstrap_external>", line 843, in exec_module
  File "<frozen importlib._bootstrap>", line 219, in _call_with_frames_removed
  File "/opt/airflow/dags/scripts/pyspark_consumer3.py", line 1, in <module>
    import joblib
ModuleNotFoundError: No module named 'joblib'
[2024-12-16T18:39:32.442+0000] {processor.py:838} WARNING - No viable dags retrieved from /opt/airflow/dags/scripts/pyspark_consumer3.py
[2024-12-16T18:39:32.478+0000] {processor.py:179} INFO - Processing /opt/airflow/dags/scripts/pyspark_consumer3.py took 0.069 seconds
[2024-12-16T18:40:03.153+0000] {processor.py:157} INFO - Started process (PID=156) to work on /opt/airflow/dags/scripts/pyspark_consumer3.py
[2024-12-16T18:40:03.158+0000] {processor.py:826} INFO - Processing file /opt/airflow/dags/scripts/pyspark_consumer3.py for tasks to queue
[2024-12-16T18:40:03.162+0000] {logging_mixin.py:150} INFO - [2024-12-16T18:40:03.160+0000] {dagbag.py:541} INFO - Filling up the DagBag from /opt/airflow/dags/scripts/pyspark_consumer3.py
[2024-12-16T18:40:03.180+0000] {logging_mixin.py:150} INFO - [2024-12-16T18:40:03.177+0000] {dagbag.py:350} ERROR - Failed to import: /opt/airflow/dags/scripts/pyspark_consumer3.py
Traceback (most recent call last):
  File "/home/airflow/.local/lib/python3.8/site-packages/airflow/models/dagbag.py", line 346, in parse
    loader.exec_module(new_module)
  File "<frozen importlib._bootstrap_external>", line 843, in exec_module
  File "<frozen importlib._bootstrap>", line 219, in _call_with_frames_removed
  File "/opt/airflow/dags/scripts/pyspark_consumer3.py", line 1, in <module>
    import joblib
ModuleNotFoundError: No module named 'joblib'
[2024-12-16T18:40:03.181+0000] {processor.py:838} WARNING - No viable dags retrieved from /opt/airflow/dags/scripts/pyspark_consumer3.py
[2024-12-16T18:40:03.219+0000] {processor.py:179} INFO - Processing /opt/airflow/dags/scripts/pyspark_consumer3.py took 0.070 seconds
[2024-12-16T18:43:34.974+0000] {processor.py:157} INFO - Started process (PID=27) to work on /opt/airflow/dags/scripts/pyspark_consumer3.py
[2024-12-16T18:43:34.977+0000] {processor.py:826} INFO - Processing file /opt/airflow/dags/scripts/pyspark_consumer3.py for tasks to queue
[2024-12-16T18:43:34.978+0000] {logging_mixin.py:150} INFO - [2024-12-16T18:43:34.978+0000] {dagbag.py:541} INFO - Filling up the DagBag from /opt/airflow/dags/scripts/pyspark_consumer3.py
[2024-12-16T18:43:35.009+0000] {logging_mixin.py:150} INFO - [2024-12-16T18:43:34.989+0000] {dagbag.py:350} ERROR - Failed to import: /opt/airflow/dags/scripts/pyspark_consumer3.py
Traceback (most recent call last):
  File "/home/airflow/.local/lib/python3.8/site-packages/airflow/models/dagbag.py", line 346, in parse
    loader.exec_module(new_module)
  File "<frozen importlib._bootstrap_external>", line 843, in exec_module
  File "<frozen importlib._bootstrap>", line 219, in _call_with_frames_removed
  File "/opt/airflow/dags/scripts/pyspark_consumer3.py", line 1, in <module>
    import joblib
ModuleNotFoundError: No module named 'joblib'
[2024-12-16T18:43:35.012+0000] {processor.py:838} WARNING - No viable dags retrieved from /opt/airflow/dags/scripts/pyspark_consumer3.py
[2024-12-16T18:43:35.061+0000] {processor.py:179} INFO - Processing /opt/airflow/dags/scripts/pyspark_consumer3.py took 0.090 seconds
[2024-12-16T18:44:05.558+0000] {processor.py:157} INFO - Started process (PID=37) to work on /opt/airflow/dags/scripts/pyspark_consumer3.py
[2024-12-16T18:44:05.559+0000] {processor.py:826} INFO - Processing file /opt/airflow/dags/scripts/pyspark_consumer3.py for tasks to queue
[2024-12-16T18:44:05.560+0000] {logging_mixin.py:150} INFO - [2024-12-16T18:44:05.560+0000] {dagbag.py:541} INFO - Filling up the DagBag from /opt/airflow/dags/scripts/pyspark_consumer3.py
[2024-12-16T18:44:05.568+0000] {logging_mixin.py:150} INFO - [2024-12-16T18:44:05.567+0000] {dagbag.py:350} ERROR - Failed to import: /opt/airflow/dags/scripts/pyspark_consumer3.py
Traceback (most recent call last):
  File "/home/airflow/.local/lib/python3.8/site-packages/airflow/models/dagbag.py", line 346, in parse
    loader.exec_module(new_module)
  File "<frozen importlib._bootstrap_external>", line 843, in exec_module
  File "<frozen importlib._bootstrap>", line 219, in _call_with_frames_removed
  File "/opt/airflow/dags/scripts/pyspark_consumer3.py", line 1, in <module>
    import joblib
ModuleNotFoundError: No module named 'joblib'
[2024-12-16T18:44:05.569+0000] {processor.py:838} WARNING - No viable dags retrieved from /opt/airflow/dags/scripts/pyspark_consumer3.py
[2024-12-16T18:44:05.598+0000] {processor.py:179} INFO - Processing /opt/airflow/dags/scripts/pyspark_consumer3.py took 0.045 seconds
[2024-12-16T18:44:36.177+0000] {processor.py:157} INFO - Started process (PID=47) to work on /opt/airflow/dags/scripts/pyspark_consumer3.py
[2024-12-16T18:44:36.179+0000] {processor.py:826} INFO - Processing file /opt/airflow/dags/scripts/pyspark_consumer3.py for tasks to queue
[2024-12-16T18:44:36.180+0000] {logging_mixin.py:150} INFO - [2024-12-16T18:44:36.180+0000] {dagbag.py:541} INFO - Filling up the DagBag from /opt/airflow/dags/scripts/pyspark_consumer3.py
[2024-12-16T18:44:36.193+0000] {logging_mixin.py:150} INFO - [2024-12-16T18:44:36.188+0000] {dagbag.py:350} ERROR - Failed to import: /opt/airflow/dags/scripts/pyspark_consumer3.py
Traceback (most recent call last):
  File "/home/airflow/.local/lib/python3.8/site-packages/airflow/models/dagbag.py", line 346, in parse
    loader.exec_module(new_module)
  File "<frozen importlib._bootstrap_external>", line 843, in exec_module
  File "<frozen importlib._bootstrap>", line 219, in _call_with_frames_removed
  File "/opt/airflow/dags/scripts/pyspark_consumer3.py", line 1, in <module>
    import joblib
ModuleNotFoundError: No module named 'joblib'
[2024-12-16T18:44:36.193+0000] {processor.py:838} WARNING - No viable dags retrieved from /opt/airflow/dags/scripts/pyspark_consumer3.py
[2024-12-16T18:44:36.217+0000] {processor.py:179} INFO - Processing /opt/airflow/dags/scripts/pyspark_consumer3.py took 0.048 seconds
[2024-12-16T18:45:53.349+0000] {processor.py:157} INFO - Started process (PID=27) to work on /opt/airflow/dags/scripts/pyspark_consumer3.py
[2024-12-16T18:45:53.355+0000] {processor.py:826} INFO - Processing file /opt/airflow/dags/scripts/pyspark_consumer3.py for tasks to queue
[2024-12-16T18:45:53.363+0000] {logging_mixin.py:150} INFO - [2024-12-16T18:45:53.363+0000] {dagbag.py:541} INFO - Filling up the DagBag from /opt/airflow/dags/scripts/pyspark_consumer3.py
[2024-12-16T18:45:53.374+0000] {logging_mixin.py:150} INFO - [2024-12-16T18:45:53.372+0000] {dagbag.py:350} ERROR - Failed to import: /opt/airflow/dags/scripts/pyspark_consumer3.py
Traceback (most recent call last):
  File "/home/airflow/.local/lib/python3.8/site-packages/airflow/models/dagbag.py", line 346, in parse
    loader.exec_module(new_module)
  File "<frozen importlib._bootstrap_external>", line 843, in exec_module
  File "<frozen importlib._bootstrap>", line 219, in _call_with_frames_removed
  File "/opt/airflow/dags/scripts/pyspark_consumer3.py", line 1, in <module>
    import joblib
ModuleNotFoundError: No module named 'joblib'
[2024-12-16T18:45:53.380+0000] {processor.py:838} WARNING - No viable dags retrieved from /opt/airflow/dags/scripts/pyspark_consumer3.py
[2024-12-16T18:45:53.445+0000] {processor.py:179} INFO - Processing /opt/airflow/dags/scripts/pyspark_consumer3.py took 0.106 seconds
[2024-12-16T18:46:35.609+0000] {processor.py:157} INFO - Started process (PID=27) to work on /opt/airflow/dags/scripts/pyspark_consumer3.py
[2024-12-16T18:46:35.612+0000] {processor.py:826} INFO - Processing file /opt/airflow/dags/scripts/pyspark_consumer3.py for tasks to queue
[2024-12-16T18:46:35.615+0000] {logging_mixin.py:150} INFO - [2024-12-16T18:46:35.613+0000] {dagbag.py:541} INFO - Filling up the DagBag from /opt/airflow/dags/scripts/pyspark_consumer3.py
[2024-12-16T18:46:35.633+0000] {logging_mixin.py:150} INFO - [2024-12-16T18:46:35.626+0000] {dagbag.py:350} ERROR - Failed to import: /opt/airflow/dags/scripts/pyspark_consumer3.py
Traceback (most recent call last):
  File "/home/airflow/.local/lib/python3.8/site-packages/airflow/models/dagbag.py", line 346, in parse
    loader.exec_module(new_module)
  File "<frozen importlib._bootstrap_external>", line 843, in exec_module
  File "<frozen importlib._bootstrap>", line 219, in _call_with_frames_removed
  File "/opt/airflow/dags/scripts/pyspark_consumer3.py", line 1, in <module>
    import joblib
ModuleNotFoundError: No module named 'joblib'
[2024-12-16T18:46:35.636+0000] {processor.py:838} WARNING - No viable dags retrieved from /opt/airflow/dags/scripts/pyspark_consumer3.py
[2024-12-16T18:46:35.681+0000] {processor.py:179} INFO - Processing /opt/airflow/dags/scripts/pyspark_consumer3.py took 0.084 seconds
[2024-12-16T18:47:05.966+0000] {processor.py:157} INFO - Started process (PID=37) to work on /opt/airflow/dags/scripts/pyspark_consumer3.py
[2024-12-16T18:47:05.968+0000] {processor.py:826} INFO - Processing file /opt/airflow/dags/scripts/pyspark_consumer3.py for tasks to queue
[2024-12-16T18:47:05.970+0000] {logging_mixin.py:150} INFO - [2024-12-16T18:47:05.970+0000] {dagbag.py:541} INFO - Filling up the DagBag from /opt/airflow/dags/scripts/pyspark_consumer3.py
[2024-12-16T18:47:05.976+0000] {logging_mixin.py:150} INFO - [2024-12-16T18:47:05.975+0000] {dagbag.py:350} ERROR - Failed to import: /opt/airflow/dags/scripts/pyspark_consumer3.py
Traceback (most recent call last):
  File "/home/airflow/.local/lib/python3.8/site-packages/airflow/models/dagbag.py", line 346, in parse
    loader.exec_module(new_module)
  File "<frozen importlib._bootstrap_external>", line 843, in exec_module
  File "<frozen importlib._bootstrap>", line 219, in _call_with_frames_removed
  File "/opt/airflow/dags/scripts/pyspark_consumer3.py", line 1, in <module>
    import joblib
ModuleNotFoundError: No module named 'joblib'
[2024-12-16T18:47:05.977+0000] {processor.py:838} WARNING - No viable dags retrieved from /opt/airflow/dags/scripts/pyspark_consumer3.py
[2024-12-16T18:47:06.000+0000] {processor.py:179} INFO - Processing /opt/airflow/dags/scripts/pyspark_consumer3.py took 0.039 seconds
[2024-12-16T18:47:36.579+0000] {processor.py:157} INFO - Started process (PID=47) to work on /opt/airflow/dags/scripts/pyspark_consumer3.py
[2024-12-16T18:47:36.580+0000] {processor.py:826} INFO - Processing file /opt/airflow/dags/scripts/pyspark_consumer3.py for tasks to queue
[2024-12-16T18:47:36.581+0000] {logging_mixin.py:150} INFO - [2024-12-16T18:47:36.581+0000] {dagbag.py:541} INFO - Filling up the DagBag from /opt/airflow/dags/scripts/pyspark_consumer3.py
[2024-12-16T18:47:36.586+0000] {logging_mixin.py:150} INFO - [2024-12-16T18:47:36.585+0000] {dagbag.py:350} ERROR - Failed to import: /opt/airflow/dags/scripts/pyspark_consumer3.py
Traceback (most recent call last):
  File "/home/airflow/.local/lib/python3.8/site-packages/airflow/models/dagbag.py", line 346, in parse
    loader.exec_module(new_module)
  File "<frozen importlib._bootstrap_external>", line 843, in exec_module
  File "<frozen importlib._bootstrap>", line 219, in _call_with_frames_removed
  File "/opt/airflow/dags/scripts/pyspark_consumer3.py", line 1, in <module>
    import joblib
ModuleNotFoundError: No module named 'joblib'
[2024-12-16T18:47:36.587+0000] {processor.py:838} WARNING - No viable dags retrieved from /opt/airflow/dags/scripts/pyspark_consumer3.py
[2024-12-16T18:47:36.610+0000] {processor.py:179} INFO - Processing /opt/airflow/dags/scripts/pyspark_consumer3.py took 0.035 seconds
[2024-12-16T18:48:07.596+0000] {processor.py:157} INFO - Started process (PID=57) to work on /opt/airflow/dags/scripts/pyspark_consumer3.py
[2024-12-16T18:48:07.599+0000] {processor.py:826} INFO - Processing file /opt/airflow/dags/scripts/pyspark_consumer3.py for tasks to queue
[2024-12-16T18:48:07.600+0000] {logging_mixin.py:150} INFO - [2024-12-16T18:48:07.600+0000] {dagbag.py:541} INFO - Filling up the DagBag from /opt/airflow/dags/scripts/pyspark_consumer3.py
[2024-12-16T18:48:07.609+0000] {logging_mixin.py:150} INFO - [2024-12-16T18:48:07.607+0000] {dagbag.py:350} ERROR - Failed to import: /opt/airflow/dags/scripts/pyspark_consumer3.py
Traceback (most recent call last):
  File "/home/airflow/.local/lib/python3.8/site-packages/airflow/models/dagbag.py", line 346, in parse
    loader.exec_module(new_module)
  File "<frozen importlib._bootstrap_external>", line 843, in exec_module
  File "<frozen importlib._bootstrap>", line 219, in _call_with_frames_removed
  File "/opt/airflow/dags/scripts/pyspark_consumer3.py", line 1, in <module>
    import joblib
ModuleNotFoundError: No module named 'joblib'
[2024-12-16T18:48:07.609+0000] {processor.py:838} WARNING - No viable dags retrieved from /opt/airflow/dags/scripts/pyspark_consumer3.py
[2024-12-16T18:48:07.636+0000] {processor.py:179} INFO - Processing /opt/airflow/dags/scripts/pyspark_consumer3.py took 0.048 seconds
[2024-12-16T18:48:38.324+0000] {processor.py:157} INFO - Started process (PID=67) to work on /opt/airflow/dags/scripts/pyspark_consumer3.py
[2024-12-16T18:48:38.325+0000] {processor.py:826} INFO - Processing file /opt/airflow/dags/scripts/pyspark_consumer3.py for tasks to queue
[2024-12-16T18:48:38.328+0000] {logging_mixin.py:150} INFO - [2024-12-16T18:48:38.327+0000] {dagbag.py:541} INFO - Filling up the DagBag from /opt/airflow/dags/scripts/pyspark_consumer3.py
[2024-12-16T18:48:38.345+0000] {logging_mixin.py:150} INFO - [2024-12-16T18:48:38.341+0000] {dagbag.py:350} ERROR - Failed to import: /opt/airflow/dags/scripts/pyspark_consumer3.py
Traceback (most recent call last):
  File "/home/airflow/.local/lib/python3.8/site-packages/airflow/models/dagbag.py", line 346, in parse
    loader.exec_module(new_module)
  File "<frozen importlib._bootstrap_external>", line 843, in exec_module
  File "<frozen importlib._bootstrap>", line 219, in _call_with_frames_removed
  File "/opt/airflow/dags/scripts/pyspark_consumer3.py", line 1, in <module>
    import joblib
ModuleNotFoundError: No module named 'joblib'
[2024-12-16T18:48:38.345+0000] {processor.py:838} WARNING - No viable dags retrieved from /opt/airflow/dags/scripts/pyspark_consumer3.py
[2024-12-16T18:48:38.375+0000] {processor.py:179} INFO - Processing /opt/airflow/dags/scripts/pyspark_consumer3.py took 0.055 seconds
[2024-12-16T18:49:08.810+0000] {processor.py:157} INFO - Started process (PID=77) to work on /opt/airflow/dags/scripts/pyspark_consumer3.py
[2024-12-16T18:49:08.812+0000] {processor.py:826} INFO - Processing file /opt/airflow/dags/scripts/pyspark_consumer3.py for tasks to queue
[2024-12-16T18:49:08.816+0000] {logging_mixin.py:150} INFO - [2024-12-16T18:49:08.813+0000] {dagbag.py:541} INFO - Filling up the DagBag from /opt/airflow/dags/scripts/pyspark_consumer3.py
[2024-12-16T18:49:08.833+0000] {logging_mixin.py:150} INFO - [2024-12-16T18:49:08.829+0000] {dagbag.py:350} ERROR - Failed to import: /opt/airflow/dags/scripts/pyspark_consumer3.py
Traceback (most recent call last):
  File "/home/airflow/.local/lib/python3.8/site-packages/airflow/models/dagbag.py", line 346, in parse
    loader.exec_module(new_module)
  File "<frozen importlib._bootstrap_external>", line 843, in exec_module
  File "<frozen importlib._bootstrap>", line 219, in _call_with_frames_removed
  File "/opt/airflow/dags/scripts/pyspark_consumer3.py", line 1, in <module>
    import joblib
ModuleNotFoundError: No module named 'joblib'
[2024-12-16T18:49:08.834+0000] {processor.py:838} WARNING - No viable dags retrieved from /opt/airflow/dags/scripts/pyspark_consumer3.py
[2024-12-16T18:49:08.876+0000] {processor.py:179} INFO - Processing /opt/airflow/dags/scripts/pyspark_consumer3.py took 0.071 seconds
[2024-12-16T18:49:39.838+0000] {processor.py:157} INFO - Started process (PID=87) to work on /opt/airflow/dags/scripts/pyspark_consumer3.py
[2024-12-16T18:49:39.839+0000] {processor.py:826} INFO - Processing file /opt/airflow/dags/scripts/pyspark_consumer3.py for tasks to queue
[2024-12-16T18:49:39.843+0000] {logging_mixin.py:150} INFO - [2024-12-16T18:49:39.842+0000] {dagbag.py:541} INFO - Filling up the DagBag from /opt/airflow/dags/scripts/pyspark_consumer3.py
[2024-12-16T18:49:39.860+0000] {logging_mixin.py:150} INFO - [2024-12-16T18:49:39.858+0000] {dagbag.py:350} ERROR - Failed to import: /opt/airflow/dags/scripts/pyspark_consumer3.py
Traceback (most recent call last):
  File "/home/airflow/.local/lib/python3.8/site-packages/airflow/models/dagbag.py", line 346, in parse
    loader.exec_module(new_module)
  File "<frozen importlib._bootstrap_external>", line 843, in exec_module
  File "<frozen importlib._bootstrap>", line 219, in _call_with_frames_removed
  File "/opt/airflow/dags/scripts/pyspark_consumer3.py", line 1, in <module>
    import joblib
ModuleNotFoundError: No module named 'joblib'
[2024-12-16T18:49:39.861+0000] {processor.py:838} WARNING - No viable dags retrieved from /opt/airflow/dags/scripts/pyspark_consumer3.py
[2024-12-16T18:49:39.898+0000] {processor.py:179} INFO - Processing /opt/airflow/dags/scripts/pyspark_consumer3.py took 0.066 seconds
