[2024-12-16T18:31:37.856+0000] {manager.py:487} INFO - Processing files using up to 2 processes at a time 
[2024-12-16T18:31:37.862+0000] {manager.py:488} INFO - Process each file at most once every 30 seconds
[2024-12-16T18:31:37.875+0000] {manager.py:489} INFO - Checking for new files in /opt/airflow/dags every 300 seconds
[2024-12-16T18:31:37.877+0000] {manager.py:758} INFO - Searching for files in /opt/airflow/dags
[2024-12-16T18:31:38.040+0000] {manager.py:761} INFO - There are 10 files in /opt/airflow/dags
[2024-12-16T18:31:38.320+0000] {manager.py:889} INFO - 
================================================================================
DAG File Processing Stats

File Path                                              PID  Runtime      # DAGs    # Errors  Last Runtime    Last Run
---------------------------------------------------  -----  ---------  --------  ----------  --------------  -------------------
/opt/airflow/dags/publish_subscriber.py                                       0           0
/opt/airflow/dags/scripts/pyspark_consumer3.py          27  0.14s             0           0
/opt/airflow/dags/scripts/pyspark_consumer2.py                                0           0
/opt/airflow/dags/scripts/google_pub_sub_publish.py                           0           0
/opt/airflow/dags/scripts/pyspark_consumer.py                                 0           1  0.16s           2024-12-16T18:31:38
/opt/airflow/dags/scripts/kafka_streaming2.py                                 0           0
/opt/airflow/dags/scripts/kafka_pubsub.py                                     0           0
/opt/airflow/dags/scripts/spark_pubsub_test.py                                0           0
/opt/airflow/dags/scripts/kafka_streaming.py                                  0           0
/opt/airflow/dags/scripts/pyspark_consumer4.py                                0           0
================================================================================
[2024-12-16T18:32:09.161+0000] {manager.py:889} INFO - 
================================================================================
DAG File Processing Stats

File Path                                              PID  Runtime      # DAGs    # Errors  Last Runtime    Last Run
---------------------------------------------------  -----  ---------  --------  ----------  --------------  -------------------
/opt/airflow/dags/publish_subscriber.py                                       0           0  0.15s           2024-12-16T18:31:39
/opt/airflow/dags/scripts/pyspark_consumer3.py          37  0.00s             0           1  0.18s           2024-12-16T18:31:38
/opt/airflow/dags/scripts/pyspark_consumer2.py                                0           1  0.23s           2024-12-16T18:31:38
/opt/airflow/dags/scripts/google_pub_sub_publish.py                           0           0  0.31s           2024-12-16T18:31:39
/opt/airflow/dags/scripts/pyspark_consumer.py           36  0.03s             0           1  0.16s           2024-12-16T18:31:38
/opt/airflow/dags/scripts/kafka_streaming2.py                                 0           1  0.11s           2024-12-16T18:31:38
/opt/airflow/dags/scripts/kafka_pubsub.py                                     0           1  0.48s           2024-12-16T18:31:39
/opt/airflow/dags/scripts/spark_pubsub_test.py                                0           1  0.32s           2024-12-16T18:31:39
/opt/airflow/dags/scripts/kafka_streaming.py                                  0           1  0.36s           2024-12-16T18:31:39
/opt/airflow/dags/scripts/pyspark_consumer4.py                                0           1  0.20s           2024-12-16T18:31:38
================================================================================
[2024-12-16T18:32:15.500+0000] {manager.py:470} INFO - Exiting gracefully upon receiving signal 15
[2024-12-16T18:33:22.462+0000] {manager.py:487} INFO - Processing files using up to 2 processes at a time 
[2024-12-16T18:33:22.468+0000] {manager.py:488} INFO - Process each file at most once every 30 seconds
[2024-12-16T18:33:22.468+0000] {manager.py:489} INFO - Checking for new files in /opt/airflow/dags every 300 seconds
[2024-12-16T18:33:22.469+0000] {manager.py:758} INFO - Searching for files in /opt/airflow/dags
[2024-12-16T18:33:22.536+0000] {manager.py:761} INFO - There are 10 files in /opt/airflow/dags
[2024-12-16T18:33:22.824+0000] {manager.py:889} INFO - 
================================================================================
DAG File Processing Stats

File Path                                              PID  Runtime      # DAGs    # Errors  Last Runtime    Last Run
---------------------------------------------------  -----  ---------  --------  ----------  --------------  ----------
/opt/airflow/dags/publish_subscriber.py                                       0           0
/opt/airflow/dags/scripts/pyspark_consumer3.py          26  0.18s             0           0
/opt/airflow/dags/scripts/pyspark_consumer2.py                                0           0
/opt/airflow/dags/scripts/google_pub_sub_publish.py                           0           0
/opt/airflow/dags/scripts/pyspark_consumer.py           25  0.19s             0           0
/opt/airflow/dags/scripts/kafka_streaming2.py                                 0           0
/opt/airflow/dags/scripts/kafka_pubsub.py                                     0           0
/opt/airflow/dags/scripts/spark_pubsub_test.py                                0           0
/opt/airflow/dags/scripts/kafka_streaming.py                                  0           0
/opt/airflow/dags/scripts/pyspark_consumer4.py                                0           0
================================================================================
[2024-12-16T18:33:53.776+0000] {manager.py:889} INFO - 
================================================================================
DAG File Processing Stats

File Path                                              PID  Runtime      # DAGs    # Errors  Last Runtime    Last Run
---------------------------------------------------  -----  ---------  --------  ----------  --------------  -------------------
/opt/airflow/dags/publish_subscriber.py                                       0           0  0.09s           2024-12-16T18:33:24
/opt/airflow/dags/scripts/pyspark_consumer3.py          36  0.00s             0           1  0.35s           2024-12-16T18:33:22
/opt/airflow/dags/scripts/pyspark_consumer2.py                                0           1  0.17s           2024-12-16T18:33:23
/opt/airflow/dags/scripts/google_pub_sub_publish.py                           0           0  0.69s           2024-12-16T18:33:24
/opt/airflow/dags/scripts/pyspark_consumer.py           35  0.02s             0           1  0.29s           2024-12-16T18:33:22
/opt/airflow/dags/scripts/kafka_streaming2.py                                 0           1  0.24s           2024-12-16T18:33:23
/opt/airflow/dags/scripts/kafka_pubsub.py                                     0           1  0.90s           2024-12-16T18:33:24
/opt/airflow/dags/scripts/spark_pubsub_test.py                                0           1  0.15s           2024-12-16T18:33:23
/opt/airflow/dags/scripts/kafka_streaming.py                                  0           1  0.13s           2024-12-16T18:33:23
/opt/airflow/dags/scripts/pyspark_consumer4.py                                0           1  0.18s           2024-12-16T18:33:23
================================================================================
[2024-12-16T18:34:24.371+0000] {manager.py:889} INFO - 
================================================================================
DAG File Processing Stats

File Path                                              PID  Runtime      # DAGs    # Errors  Last Runtime    Last Run
---------------------------------------------------  -----  ---------  --------  ----------  --------------  -------------------
/opt/airflow/dags/publish_subscriber.py                                       0           0  0.02s           2024-12-16T18:33:55
/opt/airflow/dags/scripts/pyspark_consumer3.py          46  0.00s             0           1  0.07s           2024-12-16T18:33:53
/opt/airflow/dags/scripts/pyspark_consumer2.py                                0           1  0.04s           2024-12-16T18:33:53
/opt/airflow/dags/scripts/google_pub_sub_publish.py                           0           0  0.13s           2024-12-16T18:33:55
/opt/airflow/dags/scripts/pyspark_consumer.py           45  0.02s             0           1  0.09s           2024-12-16T18:33:53
/opt/airflow/dags/scripts/kafka_streaming2.py                                 0           1  0.03s           2024-12-16T18:33:53
/opt/airflow/dags/scripts/kafka_pubsub.py                                     0           1  0.15s           2024-12-16T18:33:55
/opt/airflow/dags/scripts/spark_pubsub_test.py                                0           1  0.02s           2024-12-16T18:33:53
/opt/airflow/dags/scripts/kafka_streaming.py                                  0           1  0.02s           2024-12-16T18:33:53
/opt/airflow/dags/scripts/pyspark_consumer4.py                                0           1  0.03s           2024-12-16T18:33:53
================================================================================
[2024-12-16T18:34:55.112+0000] {manager.py:889} INFO - 
================================================================================
DAG File Processing Stats

File Path                                              PID  Runtime      # DAGs    # Errors  Last Runtime    Last Run
---------------------------------------------------  -----  ---------  --------  ----------  --------------  -------------------
/opt/airflow/dags/publish_subscriber.py                                       0           0  0.02s           2024-12-16T18:34:25
/opt/airflow/dags/scripts/pyspark_consumer3.py          56  0.00s             0           1  0.05s           2024-12-16T18:34:24
/opt/airflow/dags/scripts/pyspark_consumer2.py                                0           1  0.03s           2024-12-16T18:34:24
/opt/airflow/dags/scripts/google_pub_sub_publish.py                           0           0  0.34s           2024-12-16T18:34:25
/opt/airflow/dags/scripts/pyspark_consumer.py           55  0.02s             0           1  0.07s           2024-12-16T18:34:24
/opt/airflow/dags/scripts/kafka_streaming2.py                                 0           1  0.03s           2024-12-16T18:34:24
/opt/airflow/dags/scripts/kafka_pubsub.py                                     0           1  0.36s           2024-12-16T18:34:25
/opt/airflow/dags/scripts/spark_pubsub_test.py                                0           1  0.02s           2024-12-16T18:34:24
/opt/airflow/dags/scripts/kafka_streaming.py                                  0           1  0.02s           2024-12-16T18:34:24
/opt/airflow/dags/scripts/pyspark_consumer4.py                                0           1  0.02s           2024-12-16T18:34:24
================================================================================
[2024-12-16T18:35:25.830+0000] {manager.py:889} INFO - 
================================================================================
DAG File Processing Stats

File Path                                              PID  Runtime      # DAGs    # Errors  Last Runtime    Last Run
---------------------------------------------------  -----  ---------  --------  ----------  --------------  -------------------
/opt/airflow/dags/publish_subscriber.py                                       0           0  0.02s           2024-12-16T18:34:56
/opt/airflow/dags/scripts/pyspark_consumer3.py          66  0.00s             0           1  0.06s           2024-12-16T18:34:55
/opt/airflow/dags/scripts/pyspark_consumer2.py                                0           1  0.03s           2024-12-16T18:34:55
/opt/airflow/dags/scripts/google_pub_sub_publish.py                           0           0  0.28s           2024-12-16T18:34:56
/opt/airflow/dags/scripts/pyspark_consumer.py           65  0.02s             0           1  0.08s           2024-12-16T18:34:55
/opt/airflow/dags/scripts/kafka_streaming2.py                                 0           1  0.03s           2024-12-16T18:34:55
/opt/airflow/dags/scripts/kafka_pubsub.py                                     0           1  0.30s           2024-12-16T18:34:56
/opt/airflow/dags/scripts/spark_pubsub_test.py                                0           1  0.02s           2024-12-16T18:34:55
/opt/airflow/dags/scripts/kafka_streaming.py                                  0           1  0.02s           2024-12-16T18:34:55
/opt/airflow/dags/scripts/pyspark_consumer4.py                                0           1  0.02s           2024-12-16T18:34:55
================================================================================
[2024-12-16T18:35:56.587+0000] {manager.py:889} INFO - 
================================================================================
DAG File Processing Stats

File Path                                              PID  Runtime      # DAGs    # Errors  Last Runtime    Last Run
---------------------------------------------------  -----  ---------  --------  ----------  --------------  -------------------
/opt/airflow/dags/publish_subscriber.py                                       0           0  0.02s           2024-12-16T18:35:27
/opt/airflow/dags/scripts/pyspark_consumer3.py          76  0.00s             0           1  0.06s           2024-12-16T18:35:25
/opt/airflow/dags/scripts/pyspark_consumer2.py                                0           1  0.03s           2024-12-16T18:35:25
/opt/airflow/dags/scripts/google_pub_sub_publish.py                           0           0  0.27s           2024-12-16T18:35:27
/opt/airflow/dags/scripts/pyspark_consumer.py           75  0.02s             0           1  0.07s           2024-12-16T18:35:25
/opt/airflow/dags/scripts/kafka_streaming2.py                                 0           1  0.03s           2024-12-16T18:35:25
/opt/airflow/dags/scripts/kafka_pubsub.py                                     0           1  0.28s           2024-12-16T18:35:27
/opt/airflow/dags/scripts/spark_pubsub_test.py                                0           1  0.02s           2024-12-16T18:35:25
/opt/airflow/dags/scripts/kafka_streaming.py                                  0           1  0.02s           2024-12-16T18:35:25
/opt/airflow/dags/scripts/pyspark_consumer4.py                                0           1  0.02s           2024-12-16T18:35:25
================================================================================
[2024-12-16T18:36:27.473+0000] {manager.py:889} INFO - 
================================================================================
DAG File Processing Stats

File Path                                              PID  Runtime      # DAGs    # Errors  Last Runtime    Last Run
---------------------------------------------------  -----  ---------  --------  ----------  --------------  -------------------
/opt/airflow/dags/publish_subscriber.py                                       0           0  0.02s           2024-12-16T18:35:58
/opt/airflow/dags/scripts/pyspark_consumer3.py          86  0.01s             0           1  0.06s           2024-12-16T18:35:56
/opt/airflow/dags/scripts/pyspark_consumer2.py                                0           1  0.03s           2024-12-16T18:35:56
/opt/airflow/dags/scripts/google_pub_sub_publish.py                           0           0  0.37s           2024-12-16T18:35:58
/opt/airflow/dags/scripts/pyspark_consumer.py           85  0.04s             0           1  0.09s           2024-12-16T18:35:56
/opt/airflow/dags/scripts/kafka_streaming2.py                                 0           1  0.03s           2024-12-16T18:35:56
/opt/airflow/dags/scripts/kafka_pubsub.py                                     0           1  0.38s           2024-12-16T18:35:58
/opt/airflow/dags/scripts/spark_pubsub_test.py                                0           1  0.02s           2024-12-16T18:35:56
/opt/airflow/dags/scripts/kafka_streaming.py                                  0           1  0.02s           2024-12-16T18:35:56
/opt/airflow/dags/scripts/pyspark_consumer4.py                                0           1  0.02s           2024-12-16T18:35:56
================================================================================
[2024-12-16T18:36:58.201+0000] {manager.py:889} INFO - 
================================================================================
DAG File Processing Stats

File Path                                              PID  Runtime      # DAGs    # Errors  Last Runtime    Last Run
---------------------------------------------------  -----  ---------  --------  ----------  --------------  -------------------
/opt/airflow/dags/publish_subscriber.py                                       0           0  0.02s           2024-12-16T18:36:28
/opt/airflow/dags/scripts/pyspark_consumer3.py          96  0.00s             0           1  0.06s           2024-12-16T18:36:27
/opt/airflow/dags/scripts/pyspark_consumer2.py                                0           1  0.03s           2024-12-16T18:36:27
/opt/airflow/dags/scripts/google_pub_sub_publish.py                           0           0  0.27s           2024-12-16T18:36:28
/opt/airflow/dags/scripts/pyspark_consumer.py           95  0.03s             0           1  0.09s           2024-12-16T18:36:27
/opt/airflow/dags/scripts/kafka_streaming2.py                                 0           1  0.03s           2024-12-16T18:36:27
/opt/airflow/dags/scripts/kafka_pubsub.py                                     0           1  0.28s           2024-12-16T18:36:28
/opt/airflow/dags/scripts/spark_pubsub_test.py                                0           1  0.02s           2024-12-16T18:36:27
/opt/airflow/dags/scripts/kafka_streaming.py                                  0           1  0.02s           2024-12-16T18:36:27
/opt/airflow/dags/scripts/pyspark_consumer4.py                                0           1  0.02s           2024-12-16T18:36:27
================================================================================
[2024-12-16T18:37:28.959+0000] {manager.py:889} INFO - 
================================================================================
DAG File Processing Stats

File Path                                              PID  Runtime      # DAGs    # Errors  Last Runtime    Last Run
---------------------------------------------------  -----  ---------  --------  ----------  --------------  -------------------
/opt/airflow/dags/publish_subscriber.py                                       0           0  0.02s           2024-12-16T18:36:59
/opt/airflow/dags/scripts/pyspark_consumer3.py         106  0.00s             0           1  0.05s           2024-12-16T18:36:58
/opt/airflow/dags/scripts/pyspark_consumer2.py                                0           1  0.03s           2024-12-16T18:36:58
/opt/airflow/dags/scripts/google_pub_sub_publish.py                           0           0  0.30s           2024-12-16T18:36:59
/opt/airflow/dags/scripts/pyspark_consumer.py          105  0.02s             0           1  0.07s           2024-12-16T18:36:58
/opt/airflow/dags/scripts/kafka_streaming2.py                                 0           1  0.02s           2024-12-16T18:36:58
/opt/airflow/dags/scripts/kafka_pubsub.py                                     0           1  0.31s           2024-12-16T18:36:59
/opt/airflow/dags/scripts/spark_pubsub_test.py                                0           1  0.02s           2024-12-16T18:36:58
/opt/airflow/dags/scripts/kafka_streaming.py                                  0           1  0.02s           2024-12-16T18:36:58
/opt/airflow/dags/scripts/pyspark_consumer4.py                                0           1  0.02s           2024-12-16T18:36:58
================================================================================
[2024-12-16T18:37:59.993+0000] {manager.py:889} INFO - 
================================================================================
DAG File Processing Stats

File Path                                              PID  Runtime      # DAGs    # Errors  Last Runtime    Last Run
---------------------------------------------------  -----  ---------  --------  ----------  --------------  -------------------
/opt/airflow/dags/publish_subscriber.py                                       0           0  0.11s           2024-12-16T18:37:30
/opt/airflow/dags/scripts/pyspark_consumer3.py         116  0.00s             0           1  0.08s           2024-12-16T18:37:29
/opt/airflow/dags/scripts/pyspark_consumer2.py                                0           1  0.03s           2024-12-16T18:37:29
/opt/airflow/dags/scripts/google_pub_sub_publish.py                           0           0  0.36s           2024-12-16T18:37:30
/opt/airflow/dags/scripts/pyspark_consumer.py          115  0.04s             0           1  0.10s           2024-12-16T18:37:29
/opt/airflow/dags/scripts/kafka_streaming2.py                                 0           1  0.03s           2024-12-16T18:37:29
/opt/airflow/dags/scripts/kafka_pubsub.py                                     0           1  0.50s           2024-12-16T18:37:30
/opt/airflow/dags/scripts/spark_pubsub_test.py                                0           1  0.02s           2024-12-16T18:37:29
/opt/airflow/dags/scripts/kafka_streaming.py                                  0           1  0.02s           2024-12-16T18:37:29
/opt/airflow/dags/scripts/pyspark_consumer4.py                                0           1  0.03s           2024-12-16T18:37:29
================================================================================
[2024-12-16T18:38:22.693+0000] {manager.py:758} INFO - Searching for files in /opt/airflow/dags
[2024-12-16T18:38:22.753+0000] {manager.py:761} INFO - There are 10 files in /opt/airflow/dags
[2024-12-16T18:38:30.861+0000] {manager.py:889} INFO - 
================================================================================
DAG File Processing Stats

File Path                                              PID  Runtime      # DAGs    # Errors  Last Runtime    Last Run
---------------------------------------------------  -----  ---------  --------  ----------  --------------  -------------------
/opt/airflow/dags/publish_subscriber.py                                       0           0  0.03s           2024-12-16T18:38:01
/opt/airflow/dags/scripts/pyspark_consumer3.py         126  0.00s             0           1  0.09s           2024-12-16T18:38:00
/opt/airflow/dags/scripts/pyspark_consumer2.py                                0           1  0.03s           2024-12-16T18:38:00
/opt/airflow/dags/scripts/google_pub_sub_publish.py                           0           0  0.29s           2024-12-16T18:38:01
/opt/airflow/dags/scripts/pyspark_consumer.py          125  0.02s             0           1  0.13s           2024-12-16T18:38:00
/opt/airflow/dags/scripts/kafka_streaming2.py                                 0           1  0.03s           2024-12-16T18:38:00
/opt/airflow/dags/scripts/kafka_pubsub.py                                     0           1  0.31s           2024-12-16T18:38:01
/opt/airflow/dags/scripts/spark_pubsub_test.py                                0           1  0.03s           2024-12-16T18:38:00
/opt/airflow/dags/scripts/kafka_streaming.py                                  0           1  0.03s           2024-12-16T18:38:00
/opt/airflow/dags/scripts/pyspark_consumer4.py                                0           1  0.02s           2024-12-16T18:38:00
================================================================================
[2024-12-16T18:39:01.632+0000] {manager.py:889} INFO - 
================================================================================
DAG File Processing Stats

File Path                                              PID  Runtime      # DAGs    # Errors  Last Runtime    Last Run
---------------------------------------------------  -----  ---------  --------  ----------  --------------  -------------------
/opt/airflow/dags/publish_subscriber.py                                       0           0  0.02s           2024-12-16T18:38:32
/opt/airflow/dags/scripts/pyspark_consumer3.py         136  0.00s             0           1  0.08s           2024-12-16T18:38:30
/opt/airflow/dags/scripts/pyspark_consumer2.py                                0           1  0.03s           2024-12-16T18:38:30
/opt/airflow/dags/scripts/google_pub_sub_publish.py                           0           0  0.26s           2024-12-16T18:38:32
/opt/airflow/dags/scripts/pyspark_consumer.py          135  0.04s             0           1  0.09s           2024-12-16T18:38:30
/opt/airflow/dags/scripts/kafka_streaming2.py                                 0           1  0.03s           2024-12-16T18:38:30
/opt/airflow/dags/scripts/kafka_pubsub.py                                     0           1  0.27s           2024-12-16T18:38:32
/opt/airflow/dags/scripts/spark_pubsub_test.py                                0           1  0.02s           2024-12-16T18:38:31
/opt/airflow/dags/scripts/kafka_streaming.py                                  0           1  0.02s           2024-12-16T18:38:31
/opt/airflow/dags/scripts/pyspark_consumer4.py                                0           1  0.02s           2024-12-16T18:38:30
================================================================================
[2024-12-16T18:39:32.409+0000] {manager.py:889} INFO - 
================================================================================
DAG File Processing Stats

File Path                                              PID  Runtime      # DAGs    # Errors  Last Runtime    Last Run
---------------------------------------------------  -----  ---------  --------  ----------  --------------  -------------------
/opt/airflow/dags/publish_subscriber.py                                       0           0  0.02s           2024-12-16T18:39:03
/opt/airflow/dags/scripts/pyspark_consumer3.py         146  0.00s             0           1  0.09s           2024-12-16T18:39:01
/opt/airflow/dags/scripts/pyspark_consumer2.py                                0           1  0.04s           2024-12-16T18:39:01
/opt/airflow/dags/scripts/google_pub_sub_publish.py                           0           0  0.27s           2024-12-16T18:39:03
/opt/airflow/dags/scripts/pyspark_consumer.py          145  0.02s             0           1  0.11s           2024-12-16T18:39:01
/opt/airflow/dags/scripts/kafka_streaming2.py                                 0           1  0.03s           2024-12-16T18:39:01
/opt/airflow/dags/scripts/kafka_pubsub.py                                     0           1  0.28s           2024-12-16T18:39:03
/opt/airflow/dags/scripts/spark_pubsub_test.py                                0           1  0.02s           2024-12-16T18:39:01
/opt/airflow/dags/scripts/kafka_streaming.py                                  0           1  0.02s           2024-12-16T18:39:01
/opt/airflow/dags/scripts/pyspark_consumer4.py                                0           1  0.03s           2024-12-16T18:39:01
================================================================================
[2024-12-16T18:40:03.148+0000] {manager.py:889} INFO - 
================================================================================
DAG File Processing Stats

File Path                                              PID  Runtime      # DAGs    # Errors  Last Runtime    Last Run
---------------------------------------------------  -----  ---------  --------  ----------  --------------  -------------------
/opt/airflow/dags/publish_subscriber.py                                       0           0  0.02s           2024-12-16T18:39:33
/opt/airflow/dags/scripts/pyspark_consumer3.py         156  0.01s             0           1  0.09s           2024-12-16T18:39:32
/opt/airflow/dags/scripts/pyspark_consumer2.py                                0           1  0.04s           2024-12-16T18:39:32
/opt/airflow/dags/scripts/google_pub_sub_publish.py                           0           0  0.25s           2024-12-16T18:39:33
/opt/airflow/dags/scripts/pyspark_consumer.py          155  0.03s             0           1  0.10s           2024-12-16T18:39:32
/opt/airflow/dags/scripts/kafka_streaming2.py                                 0           1  0.04s           2024-12-16T18:39:32
/opt/airflow/dags/scripts/kafka_pubsub.py                                     0           1  0.27s           2024-12-16T18:39:33
/opt/airflow/dags/scripts/spark_pubsub_test.py                                0           1  0.02s           2024-12-16T18:39:32
/opt/airflow/dags/scripts/kafka_streaming.py                                  0           1  0.02s           2024-12-16T18:39:32
/opt/airflow/dags/scripts/pyspark_consumer4.py                                0           1  0.02s           2024-12-16T18:39:32
================================================================================
[2024-12-16T18:40:14.633+0000] {manager.py:470} INFO - Exiting gracefully upon receiving signal 15
[2024-12-16T18:43:34.715+0000] {manager.py:487} INFO - Processing files using up to 2 processes at a time 
[2024-12-16T18:43:34.717+0000] {manager.py:488} INFO - Process each file at most once every 30 seconds
[2024-12-16T18:43:34.722+0000] {manager.py:489} INFO - Checking for new files in /opt/airflow/dags every 300 seconds
[2024-12-16T18:43:34.724+0000] {manager.py:758} INFO - Searching for files in /opt/airflow/dags
[2024-12-16T18:43:34.825+0000] {manager.py:761} INFO - There are 10 files in /opt/airflow/dags
[2024-12-16T18:43:35.024+0000] {manager.py:889} INFO - 
================================================================================
DAG File Processing Stats

File Path                                              PID  Runtime      # DAGs    # Errors  Last Runtime    Last Run
---------------------------------------------------  -----  ---------  --------  ----------  --------------  ----------
/opt/airflow/dags/publish_subscriber.py                                       0           0
/opt/airflow/dags/scripts/pyspark_consumer3.py          27  0.05s             0           0
/opt/airflow/dags/scripts/pyspark_consumer2.py                                0           0
/opt/airflow/dags/scripts/google_pub_sub_publish.py                           0           0
/opt/airflow/dags/scripts/pyspark_consumer.py           26  0.06s             0           0
/opt/airflow/dags/scripts/kafka_streaming2.py                                 0           0
/opt/airflow/dags/scripts/kafka_pubsub.py                                     0           0
/opt/airflow/dags/scripts/spark_pubsub_test.py                                0           0
/opt/airflow/dags/scripts/kafka_streaming.py                                  0           0
/opt/airflow/dags/scripts/pyspark_consumer4.py                                0           0
================================================================================
[2024-12-16T18:44:05.532+0000] {manager.py:889} INFO - 
================================================================================
DAG File Processing Stats

File Path                                              PID  Runtime      # DAGs    # Errors  Last Runtime    Last Run
---------------------------------------------------  -----  ---------  --------  ----------  --------------  -------------------
/opt/airflow/dags/publish_subscriber.py                                       0           0  0.09s           2024-12-16T18:43:36
/opt/airflow/dags/scripts/pyspark_consumer3.py          37  0.02s             0           1  0.10s           2024-12-16T18:43:35
/opt/airflow/dags/scripts/pyspark_consumer2.py                                0           1  0.14s           2024-12-16T18:43:35
/opt/airflow/dags/scripts/google_pub_sub_publish.py                           0           0  0.55s           2024-12-16T18:43:35
/opt/airflow/dags/scripts/pyspark_consumer.py           36  0.09s             0           1  0.15s           2024-12-16T18:43:35
/opt/airflow/dags/scripts/kafka_streaming2.py                                 0           1  0.07s           2024-12-16T18:43:35
/opt/airflow/dags/scripts/kafka_pubsub.py                                     0           1  0.66s           2024-12-16T18:43:36
/opt/airflow/dags/scripts/spark_pubsub_test.py                                0           1  0.07s           2024-12-16T18:43:35
/opt/airflow/dags/scripts/kafka_streaming.py                                  0           1  0.08s           2024-12-16T18:43:35
/opt/airflow/dags/scripts/pyspark_consumer4.py                                0           1  0.16s           2024-12-16T18:43:35
================================================================================
[2024-12-16T18:44:36.164+0000] {manager.py:889} INFO - 
================================================================================
DAG File Processing Stats

File Path                                              PID  Runtime      # DAGs    # Errors  Last Runtime    Last Run
---------------------------------------------------  -----  ---------  --------  ----------  --------------  -------------------
/opt/airflow/dags/publish_subscriber.py                                       0           0  0.02s           2024-12-16T18:44:06
/opt/airflow/dags/scripts/pyspark_consumer3.py          47  0.00s             0           1  0.11s           2024-12-16T18:44:05
/opt/airflow/dags/scripts/pyspark_consumer2.py                                0           1  0.03s           2024-12-16T18:44:05
/opt/airflow/dags/scripts/google_pub_sub_publish.py                           0           0  0.12s           2024-12-16T18:44:06
/opt/airflow/dags/scripts/pyspark_consumer.py           46  0.03s             0           1  0.18s           2024-12-16T18:44:05
/opt/airflow/dags/scripts/kafka_streaming2.py                                 0           1  0.04s           2024-12-16T18:44:05
/opt/airflow/dags/scripts/kafka_pubsub.py                                     0           1  0.13s           2024-12-16T18:44:06
/opt/airflow/dags/scripts/spark_pubsub_test.py                                0           1  0.02s           2024-12-16T18:44:05
/opt/airflow/dags/scripts/kafka_streaming.py                                  0           1  0.02s           2024-12-16T18:44:05
/opt/airflow/dags/scripts/pyspark_consumer4.py                                0           1  0.02s           2024-12-16T18:44:05
================================================================================
[2024-12-16T18:44:59.508+0000] {manager.py:470} INFO - Exiting gracefully upon receiving signal 15
[2024-12-16T18:45:53.184+0000] {manager.py:487} INFO - Processing files using up to 2 processes at a time 
[2024-12-16T18:45:53.189+0000] {manager.py:488} INFO - Process each file at most once every 30 seconds
[2024-12-16T18:45:53.189+0000] {manager.py:489} INFO - Checking for new files in /opt/airflow/dags every 300 seconds
[2024-12-16T18:45:53.190+0000] {manager.py:758} INFO - Searching for files in /opt/airflow/dags
[2024-12-16T18:45:53.247+0000] {manager.py:761} INFO - There are 10 files in /opt/airflow/dags
[2024-12-16T18:45:53.415+0000] {manager.py:889} INFO - 
================================================================================
DAG File Processing Stats

File Path                                              PID  Runtime      # DAGs    # Errors  Last Runtime    Last Run
---------------------------------------------------  -----  ---------  --------  ----------  --------------  ----------
/opt/airflow/dags/publish_subscriber.py                                       0           0
/opt/airflow/dags/scripts/pyspark_consumer3.py          27  0.08s             0           0
/opt/airflow/dags/scripts/pyspark_consumer2.py                                0           0
/opt/airflow/dags/scripts/google_pub_sub_publish.py                           0           0
/opt/airflow/dags/scripts/pyspark_consumer.py           26  0.09s             0           0
/opt/airflow/dags/scripts/kafka_streaming2.py                                 0           0
/opt/airflow/dags/scripts/kafka_pubsub.py                                     0           0
/opt/airflow/dags/scripts/spark_pubsub_test.py                                0           0
/opt/airflow/dags/scripts/kafka_streaming.py                                  0           0
/opt/airflow/dags/scripts/pyspark_consumer4.py                                0           0
================================================================================
[2024-12-16T18:45:56.781+0000] {manager.py:470} INFO - Exiting gracefully upon receiving signal 15
[2024-12-16T18:46:35.456+0000] {manager.py:487} INFO - Processing files using up to 2 processes at a time 
[2024-12-16T18:46:35.459+0000] {manager.py:488} INFO - Process each file at most once every 30 seconds
[2024-12-16T18:46:35.459+0000] {manager.py:489} INFO - Checking for new files in /opt/airflow/dags every 300 seconds
[2024-12-16T18:46:35.462+0000] {manager.py:758} INFO - Searching for files in /opt/airflow/dags
[2024-12-16T18:46:35.543+0000] {manager.py:761} INFO - There are 10 files in /opt/airflow/dags
[2024-12-16T18:46:35.634+0000] {manager.py:889} INFO - 
================================================================================
DAG File Processing Stats

File Path                                              PID  Runtime      # DAGs    # Errors  Last Runtime    Last Run
---------------------------------------------------  -----  ---------  --------  ----------  --------------  ----------
/opt/airflow/dags/publish_subscriber.py                                       0           0
/opt/airflow/dags/scripts/pyspark_consumer3.py          27  0.04s             0           0
/opt/airflow/dags/scripts/pyspark_consumer2.py                                0           0
/opt/airflow/dags/scripts/google_pub_sub_publish.py                           0           0
/opt/airflow/dags/scripts/pyspark_consumer.py           26  0.05s             0           0
/opt/airflow/dags/scripts/kafka_streaming2.py                                 0           0
/opt/airflow/dags/scripts/kafka_pubsub.py                                     0           0
/opt/airflow/dags/scripts/spark_pubsub_test.py                                0           0
/opt/airflow/dags/scripts/kafka_streaming.py                                  0           0
/opt/airflow/dags/scripts/pyspark_consumer4.py                                0           0
================================================================================
[2024-12-16T18:47:05.960+0000] {manager.py:889} INFO - 
================================================================================
DAG File Processing Stats

File Path                                              PID  Runtime      # DAGs    # Errors  Last Runtime    Last Run
---------------------------------------------------  -----  ---------  --------  ----------  --------------  -------------------
/opt/airflow/dags/publish_subscriber.py                                       0           0  0.05s           2024-12-16T18:46:36
/opt/airflow/dags/scripts/pyspark_consumer3.py          37  0.00s             0           1  0.12s           2024-12-16T18:46:35
/opt/airflow/dags/scripts/pyspark_consumer2.py                                0           1  0.06s           2024-12-16T18:46:35
/opt/airflow/dags/scripts/google_pub_sub_publish.py                           0           0  0.65s           2024-12-16T18:46:36
/opt/airflow/dags/scripts/pyspark_consumer.py           36  0.02s             0           1  0.12s           2024-12-16T18:46:35
/opt/airflow/dags/scripts/kafka_streaming2.py                                 0           1  0.07s           2024-12-16T18:46:35
/opt/airflow/dags/scripts/kafka_pubsub.py                                     0           1  0.71s           2024-12-16T18:46:36
/opt/airflow/dags/scripts/spark_pubsub_test.py                                0           1  0.05s           2024-12-16T18:46:35
/opt/airflow/dags/scripts/kafka_streaming.py                                  0           1  0.05s           2024-12-16T18:46:35
/opt/airflow/dags/scripts/pyspark_consumer4.py                                0           1  0.05s           2024-12-16T18:46:35
================================================================================
[2024-12-16T18:47:36.574+0000] {manager.py:889} INFO - 
================================================================================
DAG File Processing Stats

File Path                                              PID  Runtime      # DAGs    # Errors  Last Runtime    Last Run
---------------------------------------------------  -----  ---------  --------  ----------  --------------  -------------------
/opt/airflow/dags/publish_subscriber.py                                       0           0  0.02s           2024-12-16T18:47:07
/opt/airflow/dags/scripts/pyspark_consumer3.py          47  0.00s             0           1  0.05s           2024-12-16T18:47:06
/opt/airflow/dags/scripts/pyspark_consumer2.py                                0           1  0.04s           2024-12-16T18:47:06
/opt/airflow/dags/scripts/google_pub_sub_publish.py                           0           0  0.10s           2024-12-16T18:47:07
/opt/airflow/dags/scripts/pyspark_consumer.py           46  0.04s             0           1  0.06s           2024-12-16T18:47:06
/opt/airflow/dags/scripts/kafka_streaming2.py                                 0           1  0.04s           2024-12-16T18:47:06
/opt/airflow/dags/scripts/kafka_pubsub.py                                     0           1  0.11s           2024-12-16T18:47:07
/opt/airflow/dags/scripts/spark_pubsub_test.py                                0           1  0.02s           2024-12-16T18:47:06
/opt/airflow/dags/scripts/kafka_streaming.py                                  0           1  0.02s           2024-12-16T18:47:06
/opt/airflow/dags/scripts/pyspark_consumer4.py                                0           1  0.02s           2024-12-16T18:47:06
================================================================================
[2024-12-16T18:48:07.590+0000] {manager.py:889} INFO - 
================================================================================
DAG File Processing Stats

File Path                                              PID  Runtime      # DAGs    # Errors  Last Runtime    Last Run
---------------------------------------------------  -----  ---------  --------  ----------  --------------  -------------------
/opt/airflow/dags/publish_subscriber.py                                       0           0  0.02s           2024-12-16T18:47:38
/opt/airflow/dags/scripts/pyspark_consumer3.py          57  0.01s             0           1  0.05s           2024-12-16T18:47:36
/opt/airflow/dags/scripts/pyspark_consumer2.py                                0           1  0.03s           2024-12-16T18:47:36
/opt/airflow/dags/scripts/google_pub_sub_publish.py                           0           0  0.48s           2024-12-16T18:47:38
/opt/airflow/dags/scripts/pyspark_consumer.py           56  0.02s             0           1  0.08s           2024-12-16T18:47:36
/opt/airflow/dags/scripts/kafka_streaming2.py                                 0           1  0.04s           2024-12-16T18:47:36
/opt/airflow/dags/scripts/kafka_pubsub.py                                     0           1  0.49s           2024-12-16T18:47:38
/opt/airflow/dags/scripts/spark_pubsub_test.py                                0           1  0.02s           2024-12-16T18:47:36
/opt/airflow/dags/scripts/kafka_streaming.py                                  0           1  0.03s           2024-12-16T18:47:36
/opt/airflow/dags/scripts/pyspark_consumer4.py                                0           1  0.06s           2024-12-16T18:47:36
================================================================================
[2024-12-16T18:48:38.318+0000] {manager.py:889} INFO - 
================================================================================
DAG File Processing Stats

File Path                                              PID  Runtime      # DAGs    # Errors  Last Runtime    Last Run
---------------------------------------------------  -----  ---------  --------  ----------  --------------  -------------------
/opt/airflow/dags/publish_subscriber.py                                       0           0  0.02s           2024-12-16T18:48:09
/opt/airflow/dags/scripts/pyspark_consumer3.py          67  0.00s             0           1  0.07s           2024-12-16T18:48:07
/opt/airflow/dags/scripts/pyspark_consumer2.py                                0           1  0.03s           2024-12-16T18:48:07
/opt/airflow/dags/scripts/google_pub_sub_publish.py                           0           0  0.25s           2024-12-16T18:48:09
/opt/airflow/dags/scripts/pyspark_consumer.py           66  0.03s             0           1  0.08s           2024-12-16T18:48:07
/opt/airflow/dags/scripts/kafka_streaming2.py                                 0           1  0.03s           2024-12-16T18:48:07
/opt/airflow/dags/scripts/kafka_pubsub.py                                     0           1  0.27s           2024-12-16T18:48:09
/opt/airflow/dags/scripts/spark_pubsub_test.py                                0           1  0.02s           2024-12-16T18:48:07
/opt/airflow/dags/scripts/kafka_streaming.py                                  0           1  0.02s           2024-12-16T18:48:07
/opt/airflow/dags/scripts/pyspark_consumer4.py                                0           1  0.02s           2024-12-16T18:48:07
================================================================================
[2024-12-16T18:49:08.804+0000] {manager.py:889} INFO - 
================================================================================
DAG File Processing Stats

File Path                                              PID  Runtime      # DAGs    # Errors  Last Runtime    Last Run
---------------------------------------------------  -----  ---------  --------  ----------  --------------  -------------------
/opt/airflow/dags/publish_subscriber.py                                       0           0  0.63s           2024-12-16T18:48:40
/opt/airflow/dags/scripts/pyspark_consumer3.py          77  0.00s             0           1  0.07s           2024-12-16T18:48:38
/opt/airflow/dags/scripts/pyspark_consumer2.py                                0           1  0.03s           2024-12-16T18:48:38
/opt/airflow/dags/scripts/google_pub_sub_publish.py                           0           0  0.42s           2024-12-16T18:48:39
/opt/airflow/dags/scripts/pyspark_consumer.py           76  0.02s             0           1  0.09s           2024-12-16T18:48:38
/opt/airflow/dags/scripts/kafka_streaming2.py                                 0           1  0.03s           2024-12-16T18:48:38
/opt/airflow/dags/scripts/kafka_pubsub.py                                     0           1  0.45s           2024-12-16T18:48:39
/opt/airflow/dags/scripts/spark_pubsub_test.py                                0           1  0.03s           2024-12-16T18:48:38
/opt/airflow/dags/scripts/kafka_streaming.py                                  0           1  0.02s           2024-12-16T18:48:38
/opt/airflow/dags/scripts/pyspark_consumer4.py                                0           1  0.03s           2024-12-16T18:48:38
================================================================================
[2024-12-16T18:49:39.829+0000] {manager.py:889} INFO - 
================================================================================
DAG File Processing Stats

File Path                                              PID  Runtime      # DAGs    # Errors  Last Runtime    Last Run
---------------------------------------------------  -----  ---------  --------  ----------  --------------  -------------------
/opt/airflow/dags/publish_subscriber.py                                       0           0  0.06s           2024-12-16T18:49:11
/opt/airflow/dags/scripts/pyspark_consumer3.py          87  0.01s             0           1  0.08s           2024-12-16T18:49:08
/opt/airflow/dags/scripts/pyspark_consumer2.py                                0           1  0.06s           2024-12-16T18:49:08
/opt/airflow/dags/scripts/google_pub_sub_publish.py                           0           0  0.42s           2024-12-16T18:49:10
/opt/airflow/dags/scripts/pyspark_consumer.py           86  0.03s             0           1  0.11s           2024-12-16T18:49:08
/opt/airflow/dags/scripts/kafka_streaming2.py                                 0           1  0.04s           2024-12-16T18:49:08
/opt/airflow/dags/scripts/kafka_pubsub.py                                     0           1  0.43s           2024-12-16T18:49:10
/opt/airflow/dags/scripts/spark_pubsub_test.py                                0           1  0.03s           2024-12-16T18:49:09
/opt/airflow/dags/scripts/kafka_streaming.py                                  0           1  0.03s           2024-12-16T18:49:09
/opt/airflow/dags/scripts/pyspark_consumer4.py                                0           1  0.03s           2024-12-16T18:49:08
================================================================================
[2024-12-16T18:49:48.472+0000] {manager.py:470} INFO - Exiting gracefully upon receiving signal 15
